{"C:\\Users\\Peterlight\\Projects\\Savannah\\todo_nodejs\\http__server\\src\\app.ts": {"path":"C:\\Users\\Peterlight\\Projects\\Savannah\\todo_nodejs\\http__server\\src\\app.ts","statementMap":{"0":{"start":{"line":1,"column":0},"end":{"line":1,"column":30}},"1":{"start":{"line":2,"column":0},"end":{"line":2,"column":47}},"2":{"start":{"line":3,"column":0},"end":{"line":3,"column":24}},"3":{"start":{"line":4,"column":0},"end":{"line":4,"column":36}},"4":{"start":{"line":5,"column":0},"end":{"line":5,"column":48}},"5":{"start":{"line":6,"column":0},"end":{"line":6,"column":70}},"6":{"start":{"line":7,"column":0},"end":{"line":7,"column":73}},"7":{"start":{"line":8,"column":0},"end":{"line":8,"column":79}},"8":{"start":{"line":9,"column":0},"end":{"line":9,"column":48}},"9":{"start":{"line":10,"column":0},"end":{"line":10,"column":51}},"10":{"start":{"line":11,"column":0},"end":{"line":11,"column":60}},"11":{"start":{"line":13,"column":0},"end":{"line":13,"column":63}},"12":{"start":{"line":17,"column":18},"end":{"line":17,"column":48}},"13":{"start":{"line":18,"column":13},"end":{"line":18,"column":null}},"14":{"start":{"line":19,"column":13},"end":{"line":19,"column":null}},"15":{"start":{"line":21,"column":12},"end":{"line":21,"column":21}},"16":{"start":{"line":23,"column":0},"end":{"line":23,"column":16}},"17":{"start":{"line":24,"column":0},"end":{"line":24,"column":36}},"18":{"start":{"line":25,"column":0},"end":{"line":25,"column":null}},"19":{"start":{"line":26,"column":0},"end":{"line":26,"column":null}},"20":{"start":{"line":28,"column":0},"end":{"line":28,"column":null}},"21":{"start":{"line":30,"column":0},"end":{"line":30,"column":null}},"22":{"start":{"line":31,"column":0},"end":{"line":31,"column":null}},"23":{"start":{"line":34,"column":0},"end":{"line":40,"column":null}},"24":{"start":{"line":36,"column":4},"end":{"line":39,"column":null}},"25":{"start":{"line":42,"column":0},"end":{"line":42,"column":null}},"26":{"start":{"line":44,"column":24},"end":{"line":49,"column":2}},"27":{"start":{"line":44,"column":50},"end":{"line":49,"column":2}},"28":{"start":{"line":45,"column":25},"end":{"line":45,"column":58}},"29":{"start":{"line":46,"column":4},"end":{"line":46,"column":null}},"30":{"start":{"line":46,"column":68},"end":{"line":46,"column":103}},"31":{"start":{"line":46,"column":119},"end":{"line":46,"column":173}},"32":{"start":{"line":47,"column":4},"end":{"line":47,"column":36}},"33":{"start":{"line":44,"column":13},"end":{"line":44,"column":24}},"34":{"start":{"line":50,"column":0},"end":{"line":50,"column":19}}},"fnMap":{"0":{"name":"(anonymous_8)","decl":{"start":{"line":34,"column":8},"end":{"line":34,"column":9}},"loc":{"start":{"line":34,"column":56},"end":{"line":40,"column":1}}},"1":{"name":"(anonymous_9)","decl":{"start":{"line":44,"column":24},"end":{"line":44,"column":48}},"loc":{"start":{"line":44,"column":50},"end":{"line":49,"column":2}}},"2":{"name":"(anonymous_10)","decl":{"start":{"line":44,"column":50},"end":{"line":44,"column":null}},"loc":{"start":{"line":44,"column":50},"end":{"line":49,"column":1}}},"3":{"name":"(anonymous_11)","decl":{"start":{"line":46,"column":59},"end":{"line":46,"column":60}},"loc":{"start":{"line":46,"column":68},"end":{"line":46,"column":103}}},"4":{"name":"(anonymous_12)","decl":{"start":{"line":46,"column":110},"end":{"line":46,"column":111}},"loc":{"start":{"line":46,"column":119},"end":{"line":46,"column":173}}}},"branchMap":{},"s":{"0":2,"1":2,"2":2,"3":2,"4":2,"5":2,"6":2,"7":2,"8":2,"9":2,"10":2,"11":2,"12":2,"13":2,"14":2,"15":2,"16":2,"17":2,"18":2,"19":2,"20":2,"21":2,"22":2,"23":2,"24":0,"25":2,"26":2,"27":2,"28":2,"29":2,"30":0,"31":2,"32":2,"33":2,"34":2},"f":{"0":0,"1":2,"2":2,"3":0,"4":2},"b":{}}
,"C:\\Users\\Peterlight\\Projects\\Savannah\\todo_nodejs\\http__server\\src\\server.ts": {"path":"C:\\Users\\Peterlight\\Projects\\Savannah\\todo_nodejs\\http__server\\src\\server.ts","statementMap":{"0":{"start":{"line":2,"column":0},"end":{"line":2,"column":56}},"1":{"start":{"line":4,"column":0},"end":{"line":8,"column":null}},"2":{"start":{"line":5,"column":4},"end":{"line":7,"column":null}},"3":{"start":{"line":6,"column":8},"end":{"line":6,"column":null}}},"fnMap":{"0":{"name":"(anonymous_6)","decl":{"start":{"line":4,"column":16},"end":{"line":4,"column":19}},"loc":{"start":{"line":4,"column":21},"end":{"line":8,"column":1}}},"1":{"name":"(anonymous_7)","decl":{"start":{"line":5,"column":27},"end":{"line":5,"column":30}},"loc":{"start":{"line":5,"column":32},"end":{"line":7,"column":5}}}},"branchMap":{},"s":{"0":0,"1":0,"2":0,"3":0},"f":{"0":0,"1":0},"b":{}}
,"C:\\Users\\Peterlight\\Projects\\Savannah\\todo_nodejs\\http__server\\src\\adapters\\logger\\winston.ts": {"path":"C:\\Users\\Peterlight\\Projects\\Savannah\\todo_nodejs\\http__server\\src\\adapters\\logger\\winston.ts","statementMap":{"0":{"start":{"line":1,"column":0},"end":{"line":1,"column":30}},"1":{"start":{"line":8,"column":8},"end":{"line":34,"column":11}},"2":{"start":{"line":13,"column":20},"end":{"line":15,"column":64}},"3":{"start":{"line":38,"column":8},"end":{"line":38,"column":34}},"4":{"start":{"line":46,"column":8},"end":{"line":50,"column":9}},"5":{"start":{"line":47,"column":12},"end":{"line":47,"column":71}},"6":{"start":{"line":49,"column":12},"end":{"line":49,"column":39}},"7":{"start":{"line":4,"column":0},"end":{"line":4,"column":13}}},"fnMap":{"0":{"name":"(anonymous_1)","decl":{"start":{"line":7,"column":4},"end":{"line":7,"column":null}},"loc":{"start":{"line":7,"column":4},"end":{"line":35,"column":5}}},"1":{"name":"(anonymous_2)","decl":{"start":{"line":12,"column":38},"end":{"line":12,"column":39}},"loc":{"start":{"line":12,"column":77},"end":{"line":16,"column":17}}},"2":{"name":"(anonymous_3)","decl":{"start":{"line":37,"column":4},"end":{"line":37,"column":8}},"loc":{"start":{"line":37,"column":24},"end":{"line":39,"column":5}}},"3":{"name":"(anonymous_4)","decl":{"start":{"line":45,"column":4},"end":{"line":45,"column":9}},"loc":{"start":{"line":45,"column":33},"end":{"line":51,"column":5}}}},"branchMap":{"0":{"loc":{"start":{"line":13,"column":27},"end":{"line":15,"column":63}},"type":"cond-expr","locations":[{"start":{"line":14,"column":26},"end":{"line":14,"column":74}},{"start":{"line":15,"column":26},"end":{"line":15,"column":63}}]},"1":{"loc":{"start":{"line":46,"column":8},"end":{"line":50,"column":9}},"type":"if","locations":[{"start":{"line":46,"column":8},"end":{"line":50,"column":9}},{"start":{"line":48,"column":15},"end":{"line":50,"column":9}}]}},"s":{"0":3,"1":7,"2":23,"3":23,"4":0,"5":0,"6":0,"7":3},"f":{"0":7,"1":23,"2":23,"3":0},"b":{"0":[0,23],"1":[0,0]}}
,"C:\\Users\\Peterlight\\Projects\\Savannah\\todo_nodejs\\http__server\\src\\adapters\\message_queue\\rabbit_mq.ts": {"path":"C:\\Users\\Peterlight\\Projects\\Savannah\\todo_nodejs\\http__server\\src\\adapters\\message_queue\\rabbit_mq.ts","statementMap":{"0":{"start":{"line":1,"column":0},"end":{"line":1,"column":38}},"1":{"start":{"line":17,"column":8},"end":{"line":17,"column":42}},"2":{"start":{"line":18,"column":8},"end":{"line":18,"column":36}},"3":{"start":{"line":19,"column":8},"end":{"line":19,"column":28}},"4":{"start":{"line":23,"column":27},"end":{"line":23,"column":75}},"5":{"start":{"line":24,"column":8},"end":{"line":24,"column":56}},"6":{"start":{"line":28,"column":8},"end":{"line":28,"column":null}},"7":{"start":{"line":29,"column":25},"end":{"line":29,"column":48}},"8":{"start":{"line":30,"column":8},"end":{"line":32,"column":9}},"9":{"start":{"line":31,"column":12},"end":{"line":31,"column":null}},"10":{"start":{"line":10,"column":0},"end":{"line":10,"column":13}}},"fnMap":{"0":{"name":"(anonymous_8)","decl":{"start":{"line":16,"column":4},"end":{"line":16,"column":16}},"loc":{"start":{"line":16,"column":45},"end":{"line":20,"column":5}}},"1":{"name":"(anonymous_9)","decl":{"start":{"line":22,"column":10},"end":{"line":22,"column":37}},"loc":{"start":{"line":22,"column":37},"end":{"line":25,"column":null}}},"2":{"name":"(anonymous_11)","decl":{"start":{"line":27,"column":10},"end":{"line":27,"column":21}},"loc":{"start":{"line":27,"column":53},"end":{"line":33,"column":null}}}},"branchMap":{"0":{"loc":{"start":{"line":28,"column":14},"end":{"line":28,"column":50}},"type":"cond-expr","locations":[{"start":{"line":28,"column":26},"end":{"line":28,"column":28}},{"start":{"line":28,"column":26},"end":{"line":28,"column":50}}]},"1":{"loc":{"start":{"line":28,"column":14},"end":{"line":28,"column":28}},"type":"binary-expr","locations":[{"start":{"line":28,"column":14},"end":{"line":28,"column":28}},{"start":{"line":28,"column":26},"end":{"line":28,"column":28}}]},"2":{"loc":{"start":{"line":30,"column":8},"end":{"line":32,"column":9}},"type":"if","locations":[{"start":{"line":30,"column":8},"end":{"line":32,"column":9}}]},"3":{"loc":{"start":{"line":30,"column":12},"end":{"line":30,"column":71}},"type":"cond-expr","locations":[{"start":{"line":30,"column":24},"end":{"line":30,"column":26}},{"start":{"line":30,"column":24},"end":{"line":30,"column":71}}]},"4":{"loc":{"start":{"line":30,"column":12},"end":{"line":30,"column":26}},"type":"binary-expr","locations":[{"start":{"line":30,"column":12},"end":{"line":30,"column":26}},{"start":{"line":30,"column":24},"end":{"line":30,"column":26}}]}},"s":{"0":2,"1":2,"2":2,"3":2,"4":2,"5":2,"6":4,"7":0,"8":0,"9":0,"10":2},"f":{"0":2,"1":2,"2":4},"b":{"0":[0,4],"1":[4,4],"2":[0],"3":[0,0],"4":[0,0]}}
,"C:\\Users\\Peterlight\\Projects\\Savannah\\todo_nodejs\\http__server\\src\\adapters\\repository\\index.ts": {"path":"C:\\Users\\Peterlight\\Projects\\Savannah\\todo_nodejs\\http__server\\src\\adapters\\repository\\index.ts","statementMap":{"0":{"start":{"line":2,"column":0},"end":{"line":2,"column":75}},"1":{"start":{"line":8,"column":8},"end":{"line":8,"column":27}},"2":{"start":{"line":12,"column":8},"end":{"line":16,"column":9}},"3":{"start":{"line":13,"column":12},"end":{"line":15,"column":null}},"4":{"start":{"line":14,"column":16},"end":{"line":14,"column":null}},"5":{"start":{"line":17,"column":8},"end":{"line":17,"column":null}},"6":{"start":{"line":21,"column":8},"end":{"line":21,"column":49}},"7":{"start":{"line":24,"column":24},"end":{"line":26,"column":null}},"8":{"start":{"line":25,"column":8},"end":{"line":25,"column":123}},"9":{"start":{"line":28,"column":22},"end":{"line":34,"column":null}},"10":{"start":{"line":29,"column":21},"end":{"line":29,"column":123}},"11":{"start":{"line":30,"column":8},"end":{"line":32,"column":9}},"12":{"start":{"line":31,"column":12},"end":{"line":31,"column":null}},"13":{"start":{"line":33,"column":8},"end":{"line":33,"column":null}},"14":{"start":{"line":36,"column":17},"end":{"line":42,"column":null}},"15":{"start":{"line":37,"column":23},"end":{"line":37,"column":112}},"16":{"start":{"line":38,"column":8},"end":{"line":40,"column":9}},"17":{"start":{"line":39,"column":12},"end":{"line":39,"column":null}},"18":{"start":{"line":41,"column":8},"end":{"line":41,"column":null}},"19":{"start":{"line":44,"column":17},"end":{"line":50,"column":null}},"20":{"start":{"line":45,"column":21},"end":{"line":45,"column":91}},"21":{"start":{"line":46,"column":8},"end":{"line":48,"column":9}},"22":{"start":{"line":47,"column":12},"end":{"line":47,"column":null}},"23":{"start":{"line":49,"column":8},"end":{"line":49,"column":null}},"24":{"start":{"line":4,"column":0},"end":{"line":4,"column":13}}},"fnMap":{"0":{"name":"(anonymous_8)","decl":{"start":{"line":7,"column":4},"end":{"line":7,"column":16}},"loc":{"start":{"line":7,"column":31},"end":{"line":9,"column":5}}},"1":{"name":"(anonymous_9)","decl":{"start":{"line":11,"column":12},"end":{"line":11,"column":27}},"loc":{"start":{"line":11,"column":67},"end":{"line":18,"column":5}}},"2":{"name":"(anonymous_10)","decl":{"start":{"line":13,"column":31},"end":{"line":13,"column":32}},"loc":{"start":{"line":13,"column":40},"end":{"line":15,"column":13}}},"3":{"name":"(anonymous_11)","decl":{"start":{"line":20,"column":10},"end":{"line":20,"column":16}},"loc":{"start":{"line":20,"column":26},"end":{"line":22,"column":null}}},"4":{"name":"(anonymous_13)","decl":{"start":{"line":24,"column":10},"end":{"line":24,"column":23}},"loc":{"start":{"line":24,"column":23},"end":{"line":26,"column":null}}},"5":{"name":"(anonymous_14)","decl":{"start":{"line":24,"column":24},"end":{"line":24,"column":54}},"loc":{"start":{"line":24,"column":128},"end":{"line":26,"column":5}}},"6":{"name":"(anonymous_15)","decl":{"start":{"line":28,"column":10},"end":{"line":28,"column":21}},"loc":{"start":{"line":28,"column":21},"end":{"line":34,"column":null}}},"7":{"name":"(anonymous_16)","decl":{"start":{"line":28,"column":22},"end":{"line":28,"column":51}},"loc":{"start":{"line":28,"column":109},"end":{"line":34,"column":5}}},"8":{"name":"(anonymous_17)","decl":{"start":{"line":36,"column":10},"end":{"line":36,"column":16}},"loc":{"start":{"line":36,"column":16},"end":{"line":42,"column":null}}},"9":{"name":"(anonymous_18)","decl":{"start":{"line":36,"column":17},"end":{"line":36,"column":46}},"loc":{"start":{"line":36,"column":79},"end":{"line":42,"column":5}}},"10":{"name":"(anonymous_19)","decl":{"start":{"line":44,"column":10},"end":{"line":44,"column":16}},"loc":{"start":{"line":44,"column":16},"end":{"line":50,"column":null}}},"11":{"name":"(anonymous_20)","decl":{"start":{"line":44,"column":17},"end":{"line":44,"column":46}},"loc":{"start":{"line":44,"column":68},"end":{"line":50,"column":5}}}},"branchMap":{"0":{"loc":{"start":{"line":12,"column":8},"end":{"line":16,"column":9}},"type":"if","locations":[{"start":{"line":12,"column":8},"end":{"line":16,"column":9}}]},"1":{"loc":{"start":{"line":24,"column":94},"end":{"line":24,"column":128}},"type":"default-arg","locations":[{"start":{"line":24,"column":124},"end":{"line":24,"column":128}}]},"2":{"loc":{"start":{"line":28,"column":53},"end":{"line":28,"column":73}},"type":"default-arg","locations":[{"start":{"line":28,"column":68},"end":{"line":28,"column":73}}]},"3":{"loc":{"start":{"line":28,"column":75},"end":{"line":28,"column":109}},"type":"default-arg","locations":[{"start":{"line":28,"column":105},"end":{"line":28,"column":109}}]},"4":{"loc":{"start":{"line":30,"column":8},"end":{"line":32,"column":9}},"type":"if","locations":[{"start":{"line":30,"column":8},"end":{"line":32,"column":9}}]},"5":{"loc":{"start":{"line":30,"column":12},"end":{"line":30,"column":34}},"type":"binary-expr","locations":[{"start":{"line":30,"column":12},"end":{"line":30,"column":17}},{"start":{"line":30,"column":21},"end":{"line":30,"column":34}}]},"6":{"loc":{"start":{"line":36,"column":59},"end":{"line":36,"column":79}},"type":"default-arg","locations":[{"start":{"line":36,"column":74},"end":{"line":36,"column":79}}]},"7":{"loc":{"start":{"line":38,"column":8},"end":{"line":40,"column":9}},"type":"if","locations":[{"start":{"line":38,"column":8},"end":{"line":40,"column":9}}]},"8":{"loc":{"start":{"line":38,"column":12},"end":{"line":38,"column":36}},"type":"binary-expr","locations":[{"start":{"line":38,"column":12},"end":{"line":38,"column":19}},{"start":{"line":38,"column":23},"end":{"line":38,"column":36}}]},"9":{"loc":{"start":{"line":44,"column":48},"end":{"line":44,"column":68}},"type":"default-arg","locations":[{"start":{"line":44,"column":63},"end":{"line":44,"column":68}}]},"10":{"loc":{"start":{"line":46,"column":8},"end":{"line":48,"column":9}},"type":"if","locations":[{"start":{"line":46,"column":8},"end":{"line":48,"column":9}}]},"11":{"loc":{"start":{"line":46,"column":12},"end":{"line":46,"column":34}},"type":"binary-expr","locations":[{"start":{"line":46,"column":12},"end":{"line":46,"column":17}},{"start":{"line":46,"column":21},"end":{"line":46,"column":34}}]}},"s":{"0":2,"1":4,"2":36,"3":0,"4":0,"5":36,"6":22,"7":4,"8":4,"9":31,"10":31,"11":31,"12":1,"13":30,"14":2,"15":2,"16":2,"17":0,"18":2,"19":1,"20":1,"21":1,"22":0,"23":1,"24":2},"f":{"0":4,"1":36,"2":0,"3":22,"4":4,"5":4,"6":31,"7":31,"8":2,"9":2,"10":1,"11":1},"b":{"0":[0],"1":[4],"2":[0],"3":[31],"4":[1],"5":[31,11],"6":[2],"7":[0],"8":[2,0],"9":[1],"10":[0],"11":[1,0]}}
,"C:\\Users\\Peterlight\\Projects\\Savannah\\todo_nodejs\\http__server\\src\\adapters\\repository\\task.ts": {"path":"C:\\Users\\Peterlight\\Projects\\Savannah\\todo_nodejs\\http__server\\src\\adapters\\repository\\task.ts","statementMap":{"0":{"start":{"line":1,"column":0},"end":{"line":1,"column":39}},"1":{"start":{"line":2,"column":0},"end":{"line":2,"column":63}},"2":{"start":{"line":6,"column":8},"end":{"line":6,"column":20}},"3":{"start":{"line":4,"column":0},"end":{"line":4,"column":21}}},"fnMap":{"0":{"name":"(anonymous_1)","decl":{"start":{"line":5,"column":4},"end":{"line":5,"column":null}},"loc":{"start":{"line":5,"column":4},"end":{"line":7,"column":5}}}},"branchMap":{},"s":{"0":2,"1":2,"2":2,"3":2},"f":{"0":2},"b":{}}
,"C:\\Users\\Peterlight\\Projects\\Savannah\\todo_nodejs\\http__server\\src\\adapters\\repository\\user.ts": {"path":"C:\\Users\\Peterlight\\Projects\\Savannah\\todo_nodejs\\http__server\\src\\adapters\\repository\\user.ts","statementMap":{"0":{"start":{"line":1,"column":0},"end":{"line":1,"column":63}},"1":{"start":{"line":2,"column":0},"end":{"line":2,"column":39}},"2":{"start":{"line":6,"column":8},"end":{"line":6,"column":20}},"3":{"start":{"line":10,"column":8},"end":{"line":10,"column":53}},"4":{"start":{"line":14,"column":8},"end":{"line":14,"column":56}},"5":{"start":{"line":17,"column":24},"end":{"line":20,"column":null}},"6":{"start":{"line":19,"column":8},"end":{"line":19,"column":143}},"7":{"start":{"line":4,"column":0},"end":{"line":4,"column":21}}},"fnMap":{"0":{"name":"(anonymous_8)","decl":{"start":{"line":5,"column":4},"end":{"line":5,"column":null}},"loc":{"start":{"line":5,"column":4},"end":{"line":7,"column":5}}},"1":{"name":"(anonymous_9)","decl":{"start":{"line":9,"column":10},"end":{"line":9,"column":21}},"loc":{"start":{"line":9,"column":35},"end":{"line":11,"column":null}}},"2":{"name":"(anonymous_11)","decl":{"start":{"line":13,"column":10},"end":{"line":13,"column":24}},"loc":{"start":{"line":13,"column":41},"end":{"line":15,"column":null}}},"3":{"name":"(anonymous_13)","decl":{"start":{"line":17,"column":10},"end":{"line":17,"column":23}},"loc":{"start":{"line":17,"column":23},"end":{"line":20,"column":null}}},"4":{"name":"(anonymous_14)","decl":{"start":{"line":17,"column":24},"end":{"line":17,"column":54}},"loc":{"start":{"line":17,"column":128},"end":{"line":20,"column":5}}}},"branchMap":{"0":{"loc":{"start":{"line":17,"column":94},"end":{"line":17,"column":128}},"type":"default-arg","locations":[{"start":{"line":17,"column":124},"end":{"line":17,"column":128}}]}},"s":{"0":2,"1":2,"2":2,"3":23,"4":5,"5":1,"6":1,"7":2},"f":{"0":2,"1":23,"2":5,"3":1,"4":1},"b":{"0":[1]}}
,"C:\\Users\\Peterlight\\Projects\\Savannah\\todo_nodejs\\http__server\\src\\adapters\\service\\auth.ts": {"path":"C:\\Users\\Peterlight\\Projects\\Savannah\\todo_nodejs\\http__server\\src\\adapters\\service\\auth.ts","statementMap":{"0":{"start":{"line":1,"column":0},"end":{"line":1,"column":29}},"1":{"start":{"line":2,"column":0},"end":{"line":2,"column":30}},"2":{"start":{"line":4,"column":0},"end":{"line":4,"column":37}},"3":{"start":{"line":15,"column":8},"end":{"line":15,"column":47}},"4":{"start":{"line":19,"column":8},"end":{"line":19,"column":52}},"5":{"start":{"line":23,"column":8},"end":{"line":23,"column":118}},"6":{"start":{"line":27,"column":8},"end":{"line":27,"column":88}},"7":{"start":{"line":13,"column":0},"end":{"line":13,"column":21}}},"fnMap":{"0":{"name":"(anonymous_8)","decl":{"start":{"line":14,"column":10},"end":{"line":14,"column":22}},"loc":{"start":{"line":14,"column":39},"end":{"line":16,"column":null}}},"1":{"name":"(anonymous_10)","decl":{"start":{"line":18,"column":10},"end":{"line":18,"column":25}},"loc":{"start":{"line":18,"column":56},"end":{"line":20,"column":null}}},"2":{"name":"(anonymous_12)","decl":{"start":{"line":22,"column":4},"end":{"line":22,"column":17}},"loc":{"start":{"line":22,"column":76},"end":{"line":24,"column":5}}},"3":{"name":"(anonymous_13)","decl":{"start":{"line":26,"column":4},"end":{"line":26,"column":15}},"loc":{"start":{"line":26,"column":29},"end":{"line":28,"column":5}}}},"branchMap":{"0":{"loc":{"start":{"line":23,"column":98},"end":{"line":23,"column":115}},"type":"binary-expr","locations":[{"start":{"line":23,"column":98},"end":{"line":23,"column":107}},{"start":{"line":23,"column":111},"end":{"line":23,"column":115}}]}},"s":{"0":2,"1":2,"2":2,"3":5,"4":3,"5":7,"6":15,"7":2},"f":{"0":5,"1":3,"2":7,"3":15},"b":{"0":[7,0]}}
,"C:\\Users\\Peterlight\\Projects\\Savannah\\todo_nodejs\\http__server\\src\\config\\index.ts": {"path":"C:\\Users\\Peterlight\\Projects\\Savannah\\todo_nodejs\\http__server\\src\\config\\index.ts","statementMap":{"0":{"start":{"line":1,"column":0},"end":{"line":1,"column":28}},"1":{"start":{"line":2,"column":0},"end":{"line":2,"column":24}},"2":{"start":{"line":12,"column":8},"end":{"line":14,"column":11}},"3":{"start":{"line":18,"column":8},"end":{"line":18,"column":null}},"4":{"start":{"line":22,"column":8},"end":{"line":22,"column":null}},"5":{"start":{"line":26,"column":8},"end":{"line":26,"column":null}},"6":{"start":{"line":30,"column":8},"end":{"line":30,"column":null}},"7":{"start":{"line":34,"column":8},"end":{"line":34,"column":null}},"8":{"start":{"line":39,"column":8},"end":{"line":39,"column":null}},"9":{"start":{"line":43,"column":8},"end":{"line":43,"column":null}},"10":{"start":{"line":8,"column":11},"end":{"line":8,"column":null}},"11":{"start":{"line":9,"column":11},"end":{"line":9,"column":null}},"12":{"start":{"line":7,"column":21},"end":{"line":7,"column":null}}},"fnMap":{"0":{"name":"(anonymous_1)","decl":{"start":{"line":11,"column":4},"end":{"line":11,"column":10}},"loc":{"start":{"line":11,"column":19},"end":{"line":15,"column":5}}},"1":{"name":"(anonymous_2)","decl":{"start":{"line":17,"column":4},"end":{"line":17,"column":10}},"loc":{"start":{"line":17,"column":27},"end":{"line":19,"column":5}}},"2":{"name":"(anonymous_3)","decl":{"start":{"line":21,"column":4},"end":{"line":21,"column":10}},"loc":{"start":{"line":21,"column":25},"end":{"line":23,"column":5}}},"3":{"name":"(anonymous_4)","decl":{"start":{"line":25,"column":4},"end":{"line":25,"column":10}},"loc":{"start":{"line":25,"column":42},"end":{"line":27,"column":5}}},"4":{"name":"(anonymous_5)","decl":{"start":{"line":29,"column":4},"end":{"line":29,"column":10}},"loc":{"start":{"line":29,"column":26},"end":{"line":31,"column":5}}},"5":{"name":"(anonymous_6)","decl":{"start":{"line":33,"column":4},"end":{"line":33,"column":10}},"loc":{"start":{"line":33,"column":26},"end":{"line":35,"column":5}}},"6":{"name":"(anonymous_7)","decl":{"start":{"line":38,"column":4},"end":{"line":38,"column":10}},"loc":{"start":{"line":38,"column":28},"end":{"line":40,"column":5}}},"7":{"name":"(anonymous_8)","decl":{"start":{"line":42,"column":4},"end":{"line":42,"column":10}},"loc":{"start":{"line":42,"column":33},"end":{"line":44,"column":5}}}},"branchMap":{"0":{"loc":{"start":{"line":30,"column":31},"end":{"line":30,"column":73}},"type":"binary-expr","locations":[{"start":{"line":30,"column":31},"end":{"line":30,"column":66}},{"start":{"line":30,"column":70},"end":{"line":30,"column":73}}]},"1":{"loc":{"start":{"line":34,"column":15},"end":{"line":34,"column":70}},"type":"binary-expr","locations":[{"start":{"line":34,"column":15},"end":{"line":34,"column":60}},{"start":{"line":34,"column":64},"end":{"line":34,"column":70}}]}},"s":{"0":4,"1":4,"2":2,"3":2,"4":22,"5":2,"6":6,"7":2,"8":2,"9":7,"10":4,"11":4,"12":4},"f":{"0":2,"1":2,"2":22,"3":2,"4":6,"5":2,"6":2,"7":7},"b":{"0":[6,0],"1":[2,0]}}
,"C:\\Users\\Peterlight\\Projects\\Savannah\\todo_nodejs\\http__server\\src\\core\\exception.ts": {"path":"C:\\Users\\Peterlight\\Projects\\Savannah\\todo_nodejs\\http__server\\src\\core\\exception.ts","statementMap":{"0":{"start":{"line":12,"column":24},"end":{"line":12,"column":80}},"1":{"start":{"line":13,"column":8},"end":{"line":13,"column":null}},"2":{"start":{"line":14,"column":8},"end":{"line":14,"column":41}},"3":{"start":{"line":15,"column":8},"end":{"line":15,"column":null}},"4":{"start":{"line":6,"column":0},"end":{"line":6,"column":21}}},"fnMap":{"0":{"name":"(anonymous_0)","decl":{"start":{"line":11,"column":4},"end":{"line":11,"column":16}},"loc":{"start":{"line":11,"column":64},"end":{"line":16,"column":5}}}},"branchMap":{},"s":{"0":1,"1":1,"2":1,"3":1,"4":2},"f":{"0":1},"b":{}}
,"C:\\Users\\Peterlight\\Projects\\Savannah\\todo_nodejs\\http__server\\src\\core\\task\\enums.ts": {"path":"C:\\Users\\Peterlight\\Projects\\Savannah\\todo_nodejs\\http__server\\src\\core\\task\\enums.ts","statementMap":{"0":{"start":{"line":1,"column":0},"end":{"line":1,"column":null}},"1":{"start":{"line":2,"column":4},"end":{"line":2,"column":null}},"2":{"start":{"line":3,"column":4},"end":{"line":3,"column":null}},"3":{"start":{"line":4,"column":4},"end":{"line":4,"column":null}},"4":{"start":{"line":5,"column":4},"end":{"line":5,"column":null}},"5":{"start":{"line":8,"column":0},"end":{"line":8,"column":null}},"6":{"start":{"line":9,"column":4},"end":{"line":9,"column":null}},"7":{"start":{"line":10,"column":4},"end":{"line":10,"column":null}},"8":{"start":{"line":11,"column":4},"end":{"line":11,"column":null}},"9":{"start":{"line":12,"column":4},"end":{"line":12,"column":null}}},"fnMap":{"0":{"name":"(anonymous_0)","decl":{"start":{"line":1,"column":0},"end":{"line":1,"column":12}},"loc":{"start":{"line":1,"column":25},"end":{"line":6,"column":1}}},"1":{"name":"(anonymous_1)","decl":{"start":{"line":8,"column":0},"end":{"line":8,"column":12}},"loc":{"start":{"line":8,"column":32},"end":{"line":13,"column":1}}}},"branchMap":{"0":{"loc":{"start":{"line":1,"column":12},"end":{"line":1,"column":null}},"type":"binary-expr","locations":[{"start":{"line":1,"column":12},"end":{"line":1,"column":25}},{"start":{"line":1,"column":25},"end":{"line":1,"column":null}}]},"1":{"loc":{"start":{"line":8,"column":12},"end":{"line":8,"column":null}},"type":"binary-expr","locations":[{"start":{"line":8,"column":12},"end":{"line":8,"column":32}},{"start":{"line":8,"column":32},"end":{"line":8,"column":null}}]}},"s":{"0":6,"1":6,"2":6,"3":6,"4":6,"5":6,"6":6,"7":6,"8":6,"9":6},"f":{"0":6,"1":6},"b":{"0":[6,6],"1":[6,6]}}
,"C:\\Users\\Peterlight\\Projects\\Savannah\\todo_nodejs\\http__server\\src\\core\\task\\index.ts": {"path":"C:\\Users\\Peterlight\\Projects\\Savannah\\todo_nodejs\\http__server\\src\\core\\task\\index.ts","statementMap":{"0":{"start":{"line":2,"column":0},"end":{"line":2,"column":61}},"1":{"start":{"line":22,"column":8},"end":{"line":22,"column":36}},"2":{"start":{"line":26,"column":8},"end":{"line":26,"column":null}},"3":{"start":{"line":30,"column":8},"end":{"line":30,"column":null}},"4":{"start":{"line":13,"column":0},"end":{"line":13,"column":21}}},"fnMap":{"0":{"name":"(anonymous_0)","decl":{"start":{"line":21,"column":4},"end":{"line":21,"column":16}},"loc":{"start":{"line":21,"column":34},"end":{"line":23,"column":5}}},"1":{"name":"(anonymous_1)","decl":{"start":{"line":25,"column":4},"end":{"line":25,"column":8}},"loc":{"start":{"line":25,"column":10},"end":{"line":27,"column":5}}},"2":{"name":"(anonymous_2)","decl":{"start":{"line":29,"column":4},"end":{"line":29,"column":8}},"loc":{"start":{"line":29,"column":12},"end":{"line":31,"column":5}}}},"branchMap":{},"s":{"0":3,"1":2,"2":0,"3":0,"4":3},"f":{"0":2,"1":0,"2":0},"b":{}}
,"C:\\Users\\Peterlight\\Projects\\Savannah\\todo_nodejs\\http__server\\src\\core\\task\\service.ts": {"path":"C:\\Users\\Peterlight\\Projects\\Savannah\\todo_nodejs\\http__server\\src\\core\\task\\service.ts","statementMap":{"0":{"start":{"line":1,"column":0},"end":{"line":1,"column":41}},"1":{"start":{"line":2,"column":0},"end":{"line":2,"column":45}},"2":{"start":{"line":20,"column":8},"end":{"line":20,"column":52}},"3":{"start":{"line":21,"column":8},"end":{"line":21,"column":48}},"4":{"start":{"line":22,"column":8},"end":{"line":22,"column":42}},"5":{"start":{"line":23,"column":8},"end":{"line":23,"column":36}},"6":{"start":{"line":27,"column":8},"end":{"line":30,"column":null}},"7":{"start":{"line":34,"column":21},"end":{"line":34,"column":35}},"8":{"start":{"line":35,"column":8},"end":{"line":38,"column":11}},"9":{"start":{"line":36,"column":12},"end":{"line":36,"column":null}},"10":{"start":{"line":37,"column":12},"end":{"line":37,"column":null}},"11":{"start":{"line":42,"column":8},"end":{"line":42,"column":98}},"12":{"start":{"line":46,"column":8},"end":{"line":46,"column":105}},"13":{"start":{"line":50,"column":8},"end":{"line":53,"column":11}},"14":{"start":{"line":51,"column":12},"end":{"line":51,"column":null}},"15":{"start":{"line":52,"column":12},"end":{"line":52,"column":null}},"16":{"start":{"line":57,"column":8},"end":{"line":60,"column":11}},"17":{"start":{"line":58,"column":12},"end":{"line":58,"column":null}},"18":{"start":{"line":59,"column":12},"end":{"line":59,"column":null}},"19":{"start":{"line":12,"column":0},"end":{"line":12,"column":21}}},"fnMap":{"0":{"name":"(anonymous_8)","decl":{"start":{"line":19,"column":4},"end":{"line":19,"column":16}},"loc":{"start":{"line":19,"column":41},"end":{"line":24,"column":5}}},"1":{"name":"(anonymous_9)","decl":{"start":{"line":26,"column":12},"end":{"line":26,"column":30}},"loc":{"start":{"line":26,"column":43},"end":{"line":31,"column":5}}},"2":{"name":"(anonymous_10)","decl":{"start":{"line":33,"column":10},"end":{"line":33,"column":20}},"loc":{"start":{"line":33,"column":37},"end":{"line":39,"column":null}}},"3":{"name":"(anonymous_12)","decl":{"start":{"line":35,"column":59},"end":{"line":35,"column":60}},"loc":{"start":{"line":35,"column":72},"end":{"line":38,"column":9}}},"4":{"name":"(anonymous_13)","decl":{"start":{"line":41,"column":10},"end":{"line":41,"column":28}},"loc":{"start":{"line":41,"column":88},"end":{"line":43,"column":null}}},"5":{"name":"(anonymous_15)","decl":{"start":{"line":45,"column":10},"end":{"line":45,"column":25}},"loc":{"start":{"line":45,"column":79},"end":{"line":47,"column":null}}},"6":{"name":"(anonymous_17)","decl":{"start":{"line":49,"column":10},"end":{"line":49,"column":20}},"loc":{"start":{"line":49,"column":62},"end":{"line":54,"column":null}}},"7":{"name":"(anonymous_19)","decl":{"start":{"line":50,"column":87},"end":{"line":50,"column":88}},"loc":{"start":{"line":50,"column":100},"end":{"line":53,"column":9}}},"8":{"name":"(anonymous_20)","decl":{"start":{"line":56,"column":10},"end":{"line":56,"column":20}},"loc":{"start":{"line":56,"column":51},"end":{"line":61,"column":null}}},"9":{"name":"(anonymous_22)","decl":{"start":{"line":57,"column":81},"end":{"line":57,"column":82}},"loc":{"start":{"line":57,"column":94},"end":{"line":60,"column":9}}}},"branchMap":{},"s":{"0":3,"1":3,"2":7,"3":7,"4":7,"5":7,"6":7,"7":2,"8":2,"9":2,"10":2,"11":5,"12":3,"13":3,"14":3,"15":3,"16":2,"17":2,"18":2,"19":3},"f":{"0":7,"1":7,"2":2,"3":2,"4":5,"5":3,"6":3,"7":3,"8":2,"9":2},"b":{}}
,"C:\\Users\\Peterlight\\Projects\\Savannah\\todo_nodejs\\http__server\\src\\core\\task\\model\\Task.ts": {"path":"C:\\Users\\Peterlight\\Projects\\Savannah\\todo_nodejs\\http__server\\src\\core\\task\\model\\Task.ts","statementMap":{"0":{"start":{"line":1,"column":0},"end":{"line":1,"column":52}},"1":{"start":{"line":2,"column":0},"end":{"line":2,"column":39}},"2":{"start":{"line":15,"column":42},"end":{"line":25,"column":2}},"3":{"start":{"line":28,"column":0},"end":{"line":28,"column":65}}},"fnMap":{},"branchMap":{},"s":{"0":2,"1":2,"2":2,"3":2},"f":{},"b":{}}
,"C:\\Users\\Peterlight\\Projects\\Savannah\\todo_nodejs\\http__server\\src\\core\\user\\index.ts": {"path":"C:\\Users\\Peterlight\\Projects\\Savannah\\todo_nodejs\\http__server\\src\\core\\user\\index.ts","statementMap":{"0":{"start":{"line":1,"column":0},"end":{"line":1,"column":61}},"1":{"start":{"line":17,"column":8},"end":{"line":17,"column":36}},"2":{"start":{"line":21,"column":8},"end":{"line":21,"column":null}},"3":{"start":{"line":25,"column":8},"end":{"line":25,"column":null}},"4":{"start":{"line":30,"column":31},"end":{"line":30,"column":43}},"5":{"start":{"line":31,"column":22},"end":{"line":31,"column":31}},"6":{"start":{"line":32,"column":8},"end":{"line":34,"column":9}},"7":{"start":{"line":33,"column":12},"end":{"line":33,"column":null}},"8":{"start":{"line":35,"column":8},"end":{"line":35,"column":null}},"9":{"start":{"line":10,"column":0},"end":{"line":10,"column":21}}},"fnMap":{"0":{"name":"(anonymous_0)","decl":{"start":{"line":16,"column":4},"end":{"line":16,"column":16}},"loc":{"start":{"line":16,"column":34},"end":{"line":18,"column":5}}},"1":{"name":"(anonymous_1)","decl":{"start":{"line":20,"column":4},"end":{"line":20,"column":8}},"loc":{"start":{"line":20,"column":12},"end":{"line":22,"column":5}}},"2":{"name":"(anonymous_2)","decl":{"start":{"line":24,"column":4},"end":{"line":24,"column":8}},"loc":{"start":{"line":24,"column":10},"end":{"line":26,"column":5}}},"3":{"name":"(anonymous_3)","decl":{"start":{"line":29,"column":4},"end":{"line":29,"column":8}},"loc":{"start":{"line":29,"column":16},"end":{"line":36,"column":5}}}},"branchMap":{},"s":{"0":3,"1":20,"2":2,"3":9,"4":2,"5":2,"6":2,"7":2,"8":2,"9":3},"f":{"0":20,"1":2,"2":9,"3":2},"b":{}}
,"C:\\Users\\Peterlight\\Projects\\Savannah\\todo_nodejs\\http__server\\src\\core\\user\\service.ts": {"path":"C:\\Users\\Peterlight\\Projects\\Savannah\\todo_nodejs\\http__server\\src\\core\\user\\service.ts","statementMap":{"0":{"start":{"line":1,"column":0},"end":{"line":1,"column":72}},"1":{"start":{"line":2,"column":0},"end":{"line":2,"column":74}},"2":{"start":{"line":3,"column":0},"end":{"line":3,"column":41}},"3":{"start":{"line":4,"column":0},"end":{"line":4,"column":37}},"4":{"start":{"line":5,"column":0},"end":{"line":5,"column":56}},"5":{"start":{"line":6,"column":0},"end":{"line":6,"column":64}},"6":{"start":{"line":40,"column":8},"end":{"line":40,"column":52}},"7":{"start":{"line":41,"column":8},"end":{"line":41,"column":46}},"8":{"start":{"line":45,"column":44},"end":{"line":45,"column":48}},"9":{"start":{"line":46,"column":8},"end":{"line":53,"column":null}},"10":{"start":{"line":54,"column":8},"end":{"line":61,"column":null}},"11":{"start":{"line":62,"column":31},"end":{"line":62,"column":76}},"12":{"start":{"line":63,"column":21},"end":{"line":63,"column":74}},"13":{"start":{"line":64,"column":8},"end":{"line":64,"column":54}},"14":{"start":{"line":69,"column":34},"end":{"line":69,"column":38}},"15":{"start":{"line":70,"column":21},"end":{"line":70,"column":65}},"16":{"start":{"line":71,"column":8},"end":{"line":77,"column":9}},"17":{"start":{"line":72,"column":12},"end":{"line":76,"column":15}},"18":{"start":{"line":78,"column":8},"end":{"line":81,"column":10}},"19":{"start":{"line":85,"column":31},"end":{"line":85,"column":35}},"20":{"start":{"line":86,"column":22},"end":{"line":88,"column":10}},"21":{"start":{"line":87,"column":28},"end":{"line":87,"column":70}},"22":{"start":{"line":89,"column":8},"end":{"line":99,"column":9}},"23":{"start":{"line":90,"column":12},"end":{"line":90,"column":null}},"24":{"start":{"line":91,"column":12},"end":{"line":98,"column":13}},"25":{"start":{"line":92,"column":29},"end":{"line":92,"column":81}},"26":{"start":{"line":93,"column":16},"end":{"line":97,"column":17}},"27":{"start":{"line":94,"column":20},"end":{"line":96,"column":22}},"28":{"start":{"line":100,"column":8},"end":{"line":104,"column":11}},"29":{"start":{"line":108,"column":30},"end":{"line":108,"column":34}},"30":{"start":{"line":109,"column":22},"end":{"line":111,"column":10}},"31":{"start":{"line":110,"column":28},"end":{"line":110,"column":69}},"32":{"start":{"line":112,"column":8},"end":{"line":120,"column":9}},"33":{"start":{"line":113,"column":12},"end":{"line":113,"column":null}},"34":{"start":{"line":114,"column":12},"end":{"line":119,"column":13}},"35":{"start":{"line":115,"column":29},"end":{"line":115,"column":81}},"36":{"start":{"line":116,"column":16},"end":{"line":118,"column":17}},"37":{"start":{"line":117,"column":20},"end":{"line":117,"column":null}},"38":{"start":{"line":121,"column":8},"end":{"line":125,"column":11}},"39":{"start":{"line":129,"column":8},"end":{"line":129,"column":57}},"40":{"start":{"line":133,"column":8},"end":{"line":133,"column":71}},"41":{"start":{"line":34,"column":0},"end":{"line":34,"column":21}}},"fnMap":{"0":{"name":"(anonymous_8)","decl":{"start":{"line":39,"column":4},"end":{"line":39,"column":16}},"loc":{"start":{"line":39,"column":41},"end":{"line":42,"column":5}}},"1":{"name":"(anonymous_9)","decl":{"start":{"line":44,"column":10},"end":{"line":44,"column":22}},"loc":{"start":{"line":44,"column":58},"end":{"line":66,"column":null}}},"2":{"name":"(anonymous_11)","decl":{"start":{"line":68,"column":10},"end":{"line":68,"column":26}},"loc":{"start":{"line":68,"column":66},"end":{"line":82,"column":null}}},"3":{"name":"(anonymous_13)","decl":{"start":{"line":84,"column":10},"end":{"line":84,"column":26}},"loc":{"start":{"line":84,"column":66},"end":{"line":105,"column":null}}},"4":{"name":"(anonymous_15)","decl":{"start":{"line":87,"column":22},"end":{"line":87,"column":25}},"loc":{"start":{"line":87,"column":28},"end":{"line":87,"column":70}}},"5":{"name":"(anonymous_16)","decl":{"start":{"line":107,"column":10},"end":{"line":107,"column":39}},"loc":{"start":{"line":107,"column":88},"end":{"line":126,"column":null}}},"6":{"name":"(anonymous_18)","decl":{"start":{"line":110,"column":22},"end":{"line":110,"column":25}},"loc":{"start":{"line":110,"column":28},"end":{"line":110,"column":69}}},"7":{"name":"(anonymous_19)","decl":{"start":{"line":128,"column":10},"end":{"line":128,"column":28}},"loc":{"start":{"line":128,"column":28},"end":{"line":130,"column":null}}},"8":{"name":"(anonymous_21)","decl":{"start":{"line":132,"column":10},"end":{"line":132,"column":25}},"loc":{"start":{"line":132,"column":36},"end":{"line":134,"column":null}}}},"branchMap":{"0":{"loc":{"start":{"line":71,"column":8},"end":{"line":77,"column":9}},"type":"if","locations":[{"start":{"line":71,"column":8},"end":{"line":77,"column":9}}]},"1":{"loc":{"start":{"line":71,"column":12},"end":{"line":71,"column":87}},"type":"binary-expr","locations":[{"start":{"line":71,"column":12},"end":{"line":71,"column":17}},{"start":{"line":71,"column":21},"end":{"line":71,"column":87}}]},"2":{"loc":{"start":{"line":89,"column":8},"end":{"line":99,"column":9}},"type":"if","locations":[{"start":{"line":89,"column":8},"end":{"line":99,"column":9}}]},"3":{"loc":{"start":{"line":91,"column":12},"end":{"line":98,"column":13}},"type":"if","locations":[{"start":{"line":91,"column":12},"end":{"line":98,"column":13}}]},"4":{"loc":{"start":{"line":91,"column":16},"end":{"line":91,"column":99}},"type":"binary-expr","locations":[{"start":{"line":91,"column":16},"end":{"line":91,"column":43}},{"start":{"line":91,"column":47},"end":{"line":91,"column":99}}]},"5":{"loc":{"start":{"line":91,"column":16},"end":{"line":91,"column":29}},"type":"cond-expr","locations":[{"start":{"line":91,"column":23},"end":{"line":91,"column":25}},{"start":{"line":91,"column":16},"end":{"line":91,"column":29}}]},"6":{"loc":{"start":{"line":91,"column":16},"end":{"line":91,"column":25}},"type":"binary-expr","locations":[{"start":{"line":91,"column":16},"end":{"line":91,"column":25}},{"start":{"line":91,"column":16},"end":{"line":91,"column":25}}]},"7":{"loc":{"start":{"line":91,"column":85},"end":{"line":91,"column":97}},"type":"cond-expr","locations":[{"start":{"line":91,"column":92},"end":{"line":91,"column":94}},{"start":{"line":91,"column":85},"end":{"line":91,"column":97}}]},"8":{"loc":{"start":{"line":91,"column":85},"end":{"line":91,"column":94}},"type":"binary-expr","locations":[{"start":{"line":91,"column":85},"end":{"line":91,"column":94}},{"start":{"line":91,"column":85},"end":{"line":91,"column":94}}]},"9":{"loc":{"start":{"line":93,"column":16},"end":{"line":97,"column":17}},"type":"if","locations":[{"start":{"line":93,"column":16},"end":{"line":97,"column":17}}]},"10":{"loc":{"start":{"line":112,"column":8},"end":{"line":120,"column":9}},"type":"if","locations":[{"start":{"line":112,"column":8},"end":{"line":120,"column":9}}]},"11":{"loc":{"start":{"line":114,"column":12},"end":{"line":119,"column":13}},"type":"if","locations":[{"start":{"line":114,"column":12},"end":{"line":119,"column":13}}]},"12":{"loc":{"start":{"line":114,"column":16},"end":{"line":114,"column":98}},"type":"binary-expr","locations":[{"start":{"line":114,"column":16},"end":{"line":114,"column":42}},{"start":{"line":114,"column":46},"end":{"line":114,"column":98}}]},"13":{"loc":{"start":{"line":114,"column":16},"end":{"line":114,"column":29}},"type":"cond-expr","locations":[{"start":{"line":114,"column":23},"end":{"line":114,"column":25}},{"start":{"line":114,"column":16},"end":{"line":114,"column":29}}]},"14":{"loc":{"start":{"line":114,"column":16},"end":{"line":114,"column":25}},"type":"binary-expr","locations":[{"start":{"line":114,"column":16},"end":{"line":114,"column":25}},{"start":{"line":114,"column":16},"end":{"line":114,"column":25}}]},"15":{"loc":{"start":{"line":114,"column":84},"end":{"line":114,"column":96}},"type":"cond-expr","locations":[{"start":{"line":114,"column":91},"end":{"line":114,"column":93}},{"start":{"line":114,"column":84},"end":{"line":114,"column":96}}]},"16":{"loc":{"start":{"line":114,"column":84},"end":{"line":114,"column":93}},"type":"binary-expr","locations":[{"start":{"line":114,"column":84},"end":{"line":114,"column":93}},{"start":{"line":114,"column":84},"end":{"line":114,"column":93}}]},"17":{"loc":{"start":{"line":116,"column":16},"end":{"line":118,"column":17}},"type":"if","locations":[{"start":{"line":116,"column":16},"end":{"line":118,"column":17}}]}},"s":{"0":3,"1":3,"2":3,"3":3,"4":3,"5":3,"6":6,"7":6,"8":6,"9":6,"10":6,"11":6,"12":6,"13":6,"14":4,"15":4,"16":4,"17":0,"18":4,"19":1,"20":1,"21":1,"22":1,"23":1,"24":1,"25":1,"26":1,"27":1,"28":0,"29":1,"30":1,"31":1,"32":1,"33":1,"34":1,"35":1,"36":1,"37":1,"38":0,"39":2,"40":2,"41":3},"f":{"0":6,"1":6,"2":4,"3":1,"4":1,"5":1,"6":1,"7":2,"8":2},"b":{"0":[0],"1":[4,4],"2":[1],"3":[1],"4":[1,1],"5":[0,1],"6":[1,1],"7":[0,1],"8":[1,1],"9":[1],"10":[1],"11":[1],"12":[1,1],"13":[0,1],"14":[1,1],"15":[0,1],"16":[1,1],"17":[1]}}
,"C:\\Users\\Peterlight\\Projects\\Savannah\\todo_nodejs\\http__server\\src\\core\\user\\model\\User.ts": {"path":"C:\\Users\\Peterlight\\Projects\\Savannah\\todo_nodejs\\http__server\\src\\core\\user\\model\\User.ts","statementMap":{"0":{"start":{"line":1,"column":0},"end":{"line":1,"column":52}},"1":{"start":{"line":13,"column":42},"end":{"line":19,"column":2}},"2":{"start":{"line":21,"column":0},"end":{"line":21,"column":65}}},"fnMap":{},"branchMap":{},"s":{"0":2,"1":2,"2":2},"f":{},"b":{}}
,"C:\\Users\\Peterlight\\Projects\\Savannah\\todo_nodejs\\http__server\\src\\helpers\\commons\\date_time.ts": {"path":"C:\\Users\\Peterlight\\Projects\\Savannah\\todo_nodejs\\http__server\\src\\helpers\\commons\\date_time.ts","statementMap":{"0":{"start":{"line":1,"column":0},"end":{"line":1,"column":30}},"1":{"start":{"line":5,"column":8},"end":{"line":5,"column":45}},"2":{"start":{"line":3,"column":0},"end":{"line":3,"column":13}}},"fnMap":{"0":{"name":"(anonymous_0)","decl":{"start":{"line":4,"column":4},"end":{"line":4,"column":10}},"loc":{"start":{"line":4,"column":28},"end":{"line":6,"column":5}}}},"branchMap":{},"s":{"0":3,"1":15,"2":3},"f":{"0":15},"b":{}}
,"C:\\Users\\Peterlight\\Projects\\Savannah\\todo_nodejs\\http__server\\src\\helpers\\commons\\objects.ts": {"path":"C:\\Users\\Peterlight\\Projects\\Savannah\\todo_nodejs\\http__server\\src\\helpers\\commons\\objects.ts","statementMap":{"0":{"start":{"line":3,"column":22},"end":{"line":3,"column":24}},"1":{"start":{"line":4,"column":8},"end":{"line":8,"column":9}},"2":{"start":{"line":5,"column":12},"end":{"line":7,"column":13}},"3":{"start":{"line":6,"column":16},"end":{"line":6,"column":51}},"4":{"start":{"line":9,"column":8},"end":{"line":9,"column":21}},"5":{"start":{"line":1,"column":0},"end":{"line":1,"column":13}}},"fnMap":{"0":{"name":"(anonymous_0)","decl":{"start":{"line":2,"column":4},"end":{"line":2,"column":10}},"loc":{"start":{"line":2,"column":50},"end":{"line":10,"column":5}}}},"branchMap":{"0":{"loc":{"start":{"line":5,"column":12},"end":{"line":7,"column":13}},"type":"if","locations":[{"start":{"line":5,"column":12},"end":{"line":7,"column":13}}]},"1":{"loc":{"start":{"line":5,"column":16},"end":{"line":5,"column":53}},"type":"binary-expr","locations":[{"start":{"line":5,"column":16},"end":{"line":5,"column":30}},{"start":{"line":5,"column":34},"end":{"line":5,"column":53}}]}},"s":{"0":2,"1":2,"2":14,"3":14,"4":2,"5":4},"f":{"0":2},"b":{"0":[14],"1":[14,14]}}
,"C:\\Users\\Peterlight\\Projects\\Savannah\\todo_nodejs\\http__server\\src\\helpers\\definitions\\response.ts": {"path":"C:\\Users\\Peterlight\\Projects\\Savannah\\todo_nodejs\\http__server\\src\\helpers\\definitions\\response.ts","statementMap":{"0":{"start":{"line":1,"column":0},"end":{"line":1,"column":null}},"1":{"start":{"line":2,"column":4},"end":{"line":2,"column":null}},"2":{"start":{"line":3,"column":4},"end":{"line":3,"column":null}},"3":{"start":{"line":4,"column":4},"end":{"line":4,"column":null}},"4":{"start":{"line":5,"column":4},"end":{"line":5,"column":null}},"5":{"start":{"line":6,"column":4},"end":{"line":6,"column":null}},"6":{"start":{"line":7,"column":4},"end":{"line":7,"column":null}},"7":{"start":{"line":8,"column":4},"end":{"line":8,"column":null}}},"fnMap":{"0":{"name":"(anonymous_0)","decl":{"start":{"line":1,"column":0},"end":{"line":1,"column":12}},"loc":{"start":{"line":1,"column":34},"end":{"line":9,"column":1}}}},"branchMap":{"0":{"loc":{"start":{"line":1,"column":12},"end":{"line":1,"column":null}},"type":"binary-expr","locations":[{"start":{"line":1,"column":12},"end":{"line":1,"column":34}},{"start":{"line":1,"column":34},"end":{"line":1,"column":null}}]}},"s":{"0":5,"1":5,"2":5,"3":5,"4":5,"5":5,"6":5,"7":5},"f":{"0":5},"b":{"0":[5,5]}}
,"C:\\Users\\Peterlight\\Projects\\Savannah\\todo_nodejs\\http__server\\src\\helpers\\exceptions\\custom_exception.ts": {"path":"C:\\Users\\Peterlight\\Projects\\Savannah\\todo_nodejs\\http__server\\src\\helpers\\exceptions\\custom_exception.ts","statementMap":{"0":{"start":{"line":15,"column":8},"end":{"line":15,"column":null}},"1":{"start":{"line":16,"column":8},"end":{"line":16,"column":36}},"2":{"start":{"line":17,"column":8},"end":{"line":17,"column":null}},"3":{"start":{"line":18,"column":8},"end":{"line":18,"column":null}},"4":{"start":{"line":22,"column":8},"end":{"line":24,"column":9}},"5":{"start":{"line":23,"column":12},"end":{"line":23,"column":null}},"6":{"start":{"line":9,"column":0},"end":{"line":9,"column":21}}},"fnMap":{"0":{"name":"(anonymous_0)","decl":{"start":{"line":14,"column":4},"end":{"line":14,"column":16}},"loc":{"start":{"line":14,"column":45},"end":{"line":19,"column":5}}},"1":{"name":"(anonymous_1)","decl":{"start":{"line":21,"column":4},"end":{"line":21,"column":10}},"loc":{"start":{"line":21,"column":61},"end":{"line":25,"column":5}}}},"branchMap":{"0":{"loc":{"start":{"line":22,"column":8},"end":{"line":24,"column":9}},"type":"if","locations":[{"start":{"line":22,"column":8},"end":{"line":24,"column":9}}]}},"s":{"0":0,"1":0,"2":0,"3":0,"4":26,"5":0,"6":3},"f":{"0":0,"1":26},"b":{"0":[0]}}
,"C:\\Users\\Peterlight\\Projects\\Savannah\\todo_nodejs\\http__server\\src\\helpers\\exceptions\\index.ts": {"path":"C:\\Users\\Peterlight\\Projects\\Savannah\\todo_nodejs\\http__server\\src\\helpers\\exceptions\\index.ts","statementMap":{"0":{"start":{"line":15,"column":8},"end":{"line":19,"column":9}},"1":{"start":{"line":16,"column":12},"end":{"line":16,"column":null}},"2":{"start":{"line":18,"column":12},"end":{"line":18,"column":null}},"3":{"start":{"line":25,"column":8},"end":{"line":29,"column":9}},"4":{"start":{"line":26,"column":12},"end":{"line":26,"column":null}},"5":{"start":{"line":28,"column":12},"end":{"line":28,"column":null}},"6":{"start":{"line":11,"column":0},"end":{"line":11,"column":21}}},"fnMap":{"0":{"name":"(anonymous_7)","decl":{"start":{"line":12,"column":4},"end":{"line":12,"column":10}},"loc":{"start":{"line":13,"column":37},"end":{"line":20,"column":null}}},"1":{"name":"(anonymous_9)","decl":{"start":{"line":22,"column":4},"end":{"line":22,"column":10}},"loc":{"start":{"line":23,"column":37},"end":{"line":30,"column":5}}}},"branchMap":{"0":{"loc":{"start":{"line":18,"column":46},"end":{"line":18,"column":84}},"type":"binary-expr","locations":[{"start":{"line":18,"column":46},"end":{"line":18,"column":62}},{"start":{"line":18,"column":66},"end":{"line":18,"column":84}}]},"1":{"loc":{"start":{"line":18,"column":46},"end":{"line":18,"column":62}},"type":"cond-expr","locations":[{"start":{"line":18,"column":52},"end":{"line":18,"column":54}},{"start":{"line":18,"column":46},"end":{"line":18,"column":62}}]},"2":{"loc":{"start":{"line":18,"column":46},"end":{"line":18,"column":54}},"type":"binary-expr","locations":[{"start":{"line":18,"column":46},"end":{"line":18,"column":54}},{"start":{"line":18,"column":46},"end":{"line":18,"column":54}}]},"3":{"loc":{"start":{"line":28,"column":46},"end":{"line":28,"column":84}},"type":"binary-expr","locations":[{"start":{"line":28,"column":46},"end":{"line":28,"column":62}},{"start":{"line":28,"column":66},"end":{"line":28,"column":84}}]},"4":{"loc":{"start":{"line":28,"column":46},"end":{"line":28,"column":62}},"type":"cond-expr","locations":[{"start":{"line":28,"column":52},"end":{"line":28,"column":54}},{"start":{"line":28,"column":46},"end":{"line":28,"column":62}}]},"5":{"loc":{"start":{"line":28,"column":46},"end":{"line":28,"column":54}},"type":"binary-expr","locations":[{"start":{"line":28,"column":46},"end":{"line":28,"column":54}},{"start":{"line":28,"column":46},"end":{"line":28,"column":54}}]}},"s":{"0":28,"1":28,"2":1,"3":29,"4":29,"5":0,"6":5},"f":{"0":28,"1":29},"b":{"0":[1,1],"1":[0,1],"2":[1,1],"3":[0,0],"4":[0,0],"5":[0,0]}}
,"C:\\Users\\Peterlight\\Projects\\Savannah\\todo_nodejs\\http__server\\src\\infrastructure\\container.ts": {"path":"C:\\Users\\Peterlight\\Projects\\Savannah\\todo_nodejs\\http__server\\src\\infrastructure\\container.ts","statementMap":{"0":{"start":{"line":1,"column":0},"end":{"line":1,"column":74}},"1":{"start":{"line":2,"column":0},"end":{"line":2,"column":57}},"2":{"start":{"line":3,"column":0},"end":{"line":3,"column":51}},"3":{"start":{"line":4,"column":0},"end":{"line":4,"column":47}},"4":{"start":{"line":5,"column":0},"end":{"line":5,"column":55}},"5":{"start":{"line":6,"column":0},"end":{"line":6,"column":55}},"6":{"start":{"line":7,"column":0},"end":{"line":7,"column":47}},"7":{"start":{"line":8,"column":0},"end":{"line":8,"column":57}},"8":{"start":{"line":9,"column":0},"end":{"line":9,"column":34}},"9":{"start":{"line":11,"column":0},"end":{"line":11,"column":68}},"10":{"start":{"line":13,"column":0},"end":{"line":13,"column":57}},"11":{"start":{"line":27,"column":0},"end":{"line":27,"column":null}},"12":{"start":{"line":28,"column":58},"end":{"line":28,"column":98}},"13":{"start":{"line":31,"column":0},"end":{"line":42,"column":3}},"14":{"start":{"line":45,"column":0},"end":{"line":45,"column":null}}},"fnMap":{},"branchMap":{},"s":{"0":2,"1":2,"2":2,"3":2,"4":2,"5":2,"6":2,"7":2,"8":2,"9":2,"10":2,"11":2,"12":2,"13":2,"14":2},"f":{},"b":{}}
,"C:\\Users\\Peterlight\\Projects\\Savannah\\todo_nodejs\\http__server\\src\\infrastructure\\db\\mongoose.ts": {"path":"C:\\Users\\Peterlight\\Projects\\Savannah\\todo_nodejs\\http__server\\src\\infrastructure\\db\\mongoose.ts","statementMap":{"0":{"start":{"line":1,"column":0},"end":{"line":1,"column":32}},"1":{"start":{"line":2,"column":0},"end":{"line":2,"column":37}},"2":{"start":{"line":5,"column":33},"end":{"line":16,"column":2}},"3":{"start":{"line":5,"column":62},"end":{"line":16,"column":2}},"4":{"start":{"line":6,"column":4},"end":{"line":15,"column":5}},"5":{"start":{"line":7,"column":8},"end":{"line":10,"column":11}},"6":{"start":{"line":11,"column":8},"end":{"line":11,"column":62}},"7":{"start":{"line":13,"column":8},"end":{"line":13,"column":null}},"8":{"start":{"line":14,"column":8},"end":{"line":14,"column":46}},"9":{"start":{"line":5,"column":13},"end":{"line":5,"column":33}},"10":{"start":{"line":18,"column":38},"end":{"line":21,"column":2}},"11":{"start":{"line":18,"column":67},"end":{"line":21,"column":2}},"12":{"start":{"line":19,"column":4},"end":{"line":19,"column":38}},"13":{"start":{"line":20,"column":4},"end":{"line":20,"column":61}},"14":{"start":{"line":18,"column":13},"end":{"line":18,"column":38}}},"fnMap":{"0":{"name":"(anonymous_8)","decl":{"start":{"line":5,"column":33},"end":{"line":5,"column":40}},"loc":{"start":{"line":5,"column":62},"end":{"line":16,"column":2}}},"1":{"name":"(anonymous_9)","decl":{"start":{"line":5,"column":62},"end":{"line":5,"column":null}},"loc":{"start":{"line":5,"column":62},"end":{"line":16,"column":1}}},"2":{"name":"(anonymous_10)","decl":{"start":{"line":18,"column":38},"end":{"line":18,"column":45}},"loc":{"start":{"line":18,"column":67},"end":{"line":21,"column":2}}},"3":{"name":"(anonymous_11)","decl":{"start":{"line":18,"column":67},"end":{"line":18,"column":null}},"loc":{"start":{"line":18,"column":67},"end":{"line":21,"column":1}}}},"branchMap":{},"s":{"0":2,"1":2,"2":2,"3":2,"4":2,"5":2,"6":2,"7":0,"8":0,"9":2,"10":2,"11":2,"12":2,"13":2,"14":2},"f":{"0":2,"1":2,"2":2,"3":2},"b":{}}
,"C:\\Users\\Peterlight\\Projects\\Savannah\\todo_nodejs\\http__server\\src\\ports\\controllers\\task.ts": {"path":"C:\\Users\\Peterlight\\Projects\\Savannah\\todo_nodejs\\http__server\\src\\ports\\controllers\\task.ts","statementMap":{"0":{"start":{"line":2,"column":0},"end":{"line":2,"column":74}},"1":{"start":{"line":4,"column":0},"end":{"line":4,"column":56}},"2":{"start":{"line":14,"column":8},"end":{"line":14,"column":46}},"3":{"start":{"line":19,"column":26},"end":{"line":19,"column":37}},"4":{"start":{"line":20,"column":29},"end":{"line":22,"column":null}},"5":{"start":{"line":24,"column":33},"end":{"line":24,"column":50}},"6":{"start":{"line":26,"column":32},"end":{"line":26,"column":49}},"7":{"start":{"line":27,"column":8},"end":{"line":27,"column":73}},"8":{"start":{"line":32,"column":26},"end":{"line":32,"column":37}},"9":{"start":{"line":33,"column":29},"end":{"line":38,"column":null}},"10":{"start":{"line":40,"column":33},"end":{"line":40,"column":50}},"11":{"start":{"line":42,"column":32},"end":{"line":42,"column":49}},"12":{"start":{"line":43,"column":8},"end":{"line":43,"column":73}},"13":{"start":{"line":48,"column":8},"end":{"line":48,"column":null}},"14":{"start":{"line":53,"column":8},"end":{"line":53,"column":null}},"15":{"start":{"line":57,"column":21},"end":{"line":62,"column":10}},"16":{"start":{"line":58,"column":33},"end":{"line":61,"column":16}},"17":{"start":{"line":58,"column":34},"end":{"line":61,"column":16}},"18":{"start":{"line":64,"column":8},"end":{"line":64,"column":93}},"19":{"start":{"line":68,"column":21},"end":{"line":72,"column":10}},"20":{"start":{"line":70,"column":33},"end":{"line":70,"column":null}},"21":{"start":{"line":70,"column":34},"end":{"line":70,"column":null}},"22":{"start":{"line":74,"column":8},"end":{"line":74,"column":93}},"23":{"start":{"line":78,"column":21},"end":{"line":82,"column":10}},"24":{"start":{"line":80,"column":33},"end":{"line":80,"column":null}},"25":{"start":{"line":80,"column":34},"end":{"line":80,"column":null}},"26":{"start":{"line":84,"column":8},"end":{"line":84,"column":93}},"27":{"start":{"line":88,"column":21},"end":{"line":92,"column":10}},"28":{"start":{"line":90,"column":33},"end":{"line":90,"column":null}},"29":{"start":{"line":90,"column":34},"end":{"line":90,"column":null}},"30":{"start":{"line":94,"column":8},"end":{"line":94,"column":93}},"31":{"start":{"line":100,"column":24},"end":{"line":100,"column":32}},"32":{"start":{"line":101,"column":21},"end":{"line":104,"column":10}},"33":{"start":{"line":103,"column":33},"end":{"line":103,"column":95}},"34":{"start":{"line":103,"column":34},"end":{"line":103,"column":95}},"35":{"start":{"line":106,"column":8},"end":{"line":106,"column":93}},"36":{"start":{"line":110,"column":21},"end":{"line":114,"column":10}},"37":{"start":{"line":112,"column":33},"end":{"line":112,"column":null}},"38":{"start":{"line":112,"column":34},"end":{"line":112,"column":null}},"39":{"start":{"line":116,"column":8},"end":{"line":116,"column":97}},"40":{"start":{"line":10,"column":0},"end":{"line":10,"column":21}}},"fnMap":{"0":{"name":"(anonymous_8)","decl":{"start":{"line":13,"column":4},"end":{"line":13,"column":16}},"loc":{"start":{"line":13,"column":44},"end":{"line":15,"column":5}}},"1":{"name":"(anonymous_9)","decl":{"start":{"line":17,"column":12},"end":{"line":17,"column":37}},"loc":{"start":{"line":17,"column":50},"end":{"line":28,"column":5}}},"2":{"name":"(anonymous_10)","decl":{"start":{"line":30,"column":12},"end":{"line":30,"column":24}},"loc":{"start":{"line":30,"column":37},"end":{"line":44,"column":5}}},"3":{"name":"(anonymous_11)","decl":{"start":{"line":46,"column":12},"end":{"line":46,"column":26}},"loc":{"start":{"line":46,"column":39},"end":{"line":49,"column":5}}},"4":{"name":"(anonymous_12)","decl":{"start":{"line":51,"column":12},"end":{"line":51,"column":27}},"loc":{"start":{"line":51,"column":40},"end":{"line":54,"column":5}}},"5":{"name":"(anonymous_13)","decl":{"start":{"line":56,"column":10},"end":{"line":56,"column":20}},"loc":{"start":{"line":56,"column":68},"end":{"line":65,"column":null}}},"6":{"name":"(anonymous_15)","decl":{"start":{"line":58,"column":22},"end":{"line":58,"column":31}},"loc":{"start":{"line":58,"column":33},"end":{"line":61,"column":16}}},"7":{"name":"(anonymous_16)","decl":{"start":{"line":58,"column":33},"end":{"line":58,"column":34}},"loc":{"start":{"line":58,"column":33},"end":{"line":61,"column":16}}},"8":{"name":"(anonymous_17)","decl":{"start":{"line":67,"column":10},"end":{"line":67,"column":19}},"loc":{"start":{"line":67,"column":67},"end":{"line":75,"column":null}}},"9":{"name":"(anonymous_19)","decl":{"start":{"line":70,"column":22},"end":{"line":70,"column":31}},"loc":{"start":{"line":70,"column":33},"end":{"line":70,"column":null}}},"10":{"name":"(anonymous_20)","decl":{"start":{"line":70,"column":33},"end":{"line":70,"column":34}},"loc":{"start":{"line":70,"column":33},"end":{"line":70,"column":null}}},"11":{"name":"(anonymous_21)","decl":{"start":{"line":77,"column":10},"end":{"line":77,"column":27}},"loc":{"start":{"line":77,"column":75},"end":{"line":85,"column":null}}},"12":{"name":"(anonymous_23)","decl":{"start":{"line":80,"column":22},"end":{"line":80,"column":31}},"loc":{"start":{"line":80,"column":33},"end":{"line":80,"column":null}}},"13":{"name":"(anonymous_24)","decl":{"start":{"line":80,"column":33},"end":{"line":80,"column":34}},"loc":{"start":{"line":80,"column":33},"end":{"line":80,"column":null}}},"14":{"name":"(anonymous_25)","decl":{"start":{"line":87,"column":10},"end":{"line":87,"column":20}},"loc":{"start":{"line":87,"column":68},"end":{"line":95,"column":null}}},"15":{"name":"(anonymous_27)","decl":{"start":{"line":90,"column":22},"end":{"line":90,"column":31}},"loc":{"start":{"line":90,"column":33},"end":{"line":90,"column":null}}},"16":{"name":"(anonymous_28)","decl":{"start":{"line":90,"column":33},"end":{"line":90,"column":34}},"loc":{"start":{"line":90,"column":33},"end":{"line":90,"column":null}}},"17":{"name":"(anonymous_29)","decl":{"start":{"line":98,"column":10},"end":{"line":98,"column":25}},"loc":{"start":{"line":98,"column":73},"end":{"line":107,"column":null}}},"18":{"name":"(anonymous_31)","decl":{"start":{"line":103,"column":22},"end":{"line":103,"column":31}},"loc":{"start":{"line":103,"column":33},"end":{"line":103,"column":95}}},"19":{"name":"(anonymous_32)","decl":{"start":{"line":103,"column":33},"end":{"line":103,"column":34}},"loc":{"start":{"line":103,"column":33},"end":{"line":103,"column":95}}},"20":{"name":"(anonymous_33)","decl":{"start":{"line":109,"column":10},"end":{"line":109,"column":20}},"loc":{"start":{"line":109,"column":68},"end":{"line":117,"column":null}}},"21":{"name":"(anonymous_35)","decl":{"start":{"line":112,"column":22},"end":{"line":112,"column":31}},"loc":{"start":{"line":112,"column":33},"end":{"line":112,"column":null}}},"22":{"name":"(anonymous_36)","decl":{"start":{"line":112,"column":33},"end":{"line":112,"column":34}},"loc":{"start":{"line":112,"column":33},"end":{"line":112,"column":null}}}},"branchMap":{"0":{"loc":{"start":{"line":24,"column":33},"end":{"line":24,"column":50}},"type":"binary-expr","locations":[{"start":{"line":24,"column":33},"end":{"line":24,"column":44}},{"start":{"line":24,"column":48},"end":{"line":24,"column":50}}]},"1":{"loc":{"start":{"line":26,"column":32},"end":{"line":26,"column":49}},"type":"binary-expr","locations":[{"start":{"line":26,"column":32},"end":{"line":26,"column":43}},{"start":{"line":26,"column":47},"end":{"line":26,"column":49}}]},"2":{"loc":{"start":{"line":40,"column":33},"end":{"line":40,"column":50}},"type":"binary-expr","locations":[{"start":{"line":40,"column":33},"end":{"line":40,"column":44}},{"start":{"line":40,"column":48},"end":{"line":40,"column":50}}]},"3":{"loc":{"start":{"line":42,"column":32},"end":{"line":42,"column":49}},"type":"binary-expr","locations":[{"start":{"line":42,"column":32},"end":{"line":42,"column":43}},{"start":{"line":42,"column":47},"end":{"line":42,"column":49}}]},"4":{"loc":{"start":{"line":64,"column":15},"end":{"line":64,"column":92}},"type":"binary-expr","locations":[{"start":{"line":64,"column":15},"end":{"line":64,"column":30}},{"start":{"line":64,"column":34},"end":{"line":64,"column":92}}]},"5":{"loc":{"start":{"line":74,"column":15},"end":{"line":74,"column":92}},"type":"binary-expr","locations":[{"start":{"line":74,"column":15},"end":{"line":74,"column":30}},{"start":{"line":74,"column":34},"end":{"line":74,"column":92}}]},"6":{"loc":{"start":{"line":84,"column":15},"end":{"line":84,"column":92}},"type":"binary-expr","locations":[{"start":{"line":84,"column":15},"end":{"line":84,"column":30}},{"start":{"line":84,"column":34},"end":{"line":84,"column":92}}]},"7":{"loc":{"start":{"line":94,"column":15},"end":{"line":94,"column":92}},"type":"binary-expr","locations":[{"start":{"line":94,"column":15},"end":{"line":94,"column":30}},{"start":{"line":94,"column":34},"end":{"line":94,"column":92}}]},"8":{"loc":{"start":{"line":106,"column":15},"end":{"line":106,"column":92}},"type":"binary-expr","locations":[{"start":{"line":106,"column":15},"end":{"line":106,"column":30}},{"start":{"line":106,"column":34},"end":{"line":106,"column":92}}]},"9":{"loc":{"start":{"line":116,"column":15},"end":{"line":116,"column":96}},"type":"binary-expr","locations":[{"start":{"line":116,"column":15},"end":{"line":116,"column":30}},{"start":{"line":116,"column":34},"end":{"line":116,"column":96}}]}},"s":{"0":3,"1":3,"2":8,"3":4,"4":4,"5":4,"6":4,"7":4,"8":8,"9":8,"10":8,"11":8,"12":8,"13":5,"14":8,"15":2,"16":2,"17":2,"18":2,"19":3,"20":3,"21":3,"22":3,"23":5,"24":5,"25":5,"26":5,"27":2,"28":2,"29":2,"30":2,"31":2,"32":2,"33":2,"34":2,"35":2,"36":2,"37":2,"38":2,"39":2,"40":3},"f":{"0":8,"1":4,"2":8,"3":5,"4":8,"5":2,"6":2,"7":2,"8":3,"9":3,"10":3,"11":5,"12":5,"13":5,"14":2,"15":2,"16":2,"17":2,"18":2,"19":2,"20":2,"21":2,"22":2},"b":{"0":[4,2],"1":[4,4],"2":[8,2],"3":[8,7],"4":[2,2],"5":[3,2],"6":[5,5],"7":[2,2],"8":[2,2],"9":[2,2]}}
,"C:\\Users\\Peterlight\\Projects\\Savannah\\todo_nodejs\\http__server\\src\\ports\\controllers\\user.ts": {"path":"C:\\Users\\Peterlight\\Projects\\Savannah\\todo_nodejs\\http__server\\src\\ports\\controllers\\user.ts","statementMap":{"0":{"start":{"line":2,"column":0},"end":{"line":2,"column":74}},"1":{"start":{"line":4,"column":0},"end":{"line":4,"column":56}},"2":{"start":{"line":14,"column":8},"end":{"line":14,"column":46}},"3":{"start":{"line":19,"column":44},"end":{"line":19,"column":52}},"4":{"start":{"line":20,"column":21},"end":{"line":25,"column":10}},"5":{"start":{"line":21,"column":33},"end":{"line":24,"column":16}},"6":{"start":{"line":21,"column":34},"end":{"line":24,"column":16}},"7":{"start":{"line":27,"column":8},"end":{"line":29,"column":11}},"8":{"start":{"line":34,"column":34},"end":{"line":34,"column":42}},"9":{"start":{"line":35,"column":22},"end":{"line":40,"column":10}},"10":{"start":{"line":36,"column":33},"end":{"line":39,"column":16}},"11":{"start":{"line":36,"column":34},"end":{"line":39,"column":16}},"12":{"start":{"line":42,"column":8},"end":{"line":44,"column":10}},"13":{"start":{"line":49,"column":32},"end":{"line":49,"column":40}},"14":{"start":{"line":50,"column":22},"end":{"line":55,"column":10}},"15":{"start":{"line":51,"column":33},"end":{"line":54,"column":16}},"16":{"start":{"line":51,"column":34},"end":{"line":54,"column":16}},"17":{"start":{"line":57,"column":8},"end":{"line":59,"column":10}},"18":{"start":{"line":64,"column":8},"end":{"line":67,"column":10}},"19":{"start":{"line":72,"column":31},"end":{"line":72,"column":39}},"20":{"start":{"line":73,"column":21},"end":{"line":78,"column":10}},"21":{"start":{"line":74,"column":33},"end":{"line":77,"column":16}},"22":{"start":{"line":74,"column":34},"end":{"line":77,"column":16}},"23":{"start":{"line":80,"column":8},"end":{"line":82,"column":10}},"24":{"start":{"line":86,"column":21},"end":{"line":90,"column":10}},"25":{"start":{"line":88,"column":33},"end":{"line":88,"column":null}},"26":{"start":{"line":88,"column":34},"end":{"line":88,"column":null}},"27":{"start":{"line":92,"column":8},"end":{"line":92,"column":93}},"28":{"start":{"line":96,"column":21},"end":{"line":100,"column":10}},"29":{"start":{"line":98,"column":33},"end":{"line":98,"column":null}},"30":{"start":{"line":98,"column":34},"end":{"line":98,"column":null}},"31":{"start":{"line":102,"column":8},"end":{"line":102,"column":93}},"32":{"start":{"line":10,"column":0},"end":{"line":10,"column":21}}},"fnMap":{"0":{"name":"(anonymous_8)","decl":{"start":{"line":13,"column":4},"end":{"line":13,"column":16}},"loc":{"start":{"line":13,"column":44},"end":{"line":15,"column":5}}},"1":{"name":"(anonymous_9)","decl":{"start":{"line":17,"column":10},"end":{"line":17,"column":22}},"loc":{"start":{"line":17,"column":70},"end":{"line":30,"column":null}}},"2":{"name":"(anonymous_11)","decl":{"start":{"line":21,"column":22},"end":{"line":21,"column":31}},"loc":{"start":{"line":21,"column":33},"end":{"line":24,"column":16}}},"3":{"name":"(anonymous_12)","decl":{"start":{"line":21,"column":33},"end":{"line":21,"column":34}},"loc":{"start":{"line":21,"column":33},"end":{"line":24,"column":16}}},"4":{"name":"(anonymous_13)","decl":{"start":{"line":32,"column":10},"end":{"line":32,"column":19}},"loc":{"start":{"line":32,"column":67},"end":{"line":45,"column":null}}},"5":{"name":"(anonymous_15)","decl":{"start":{"line":36,"column":22},"end":{"line":36,"column":31}},"loc":{"start":{"line":36,"column":33},"end":{"line":39,"column":16}}},"6":{"name":"(anonymous_16)","decl":{"start":{"line":36,"column":33},"end":{"line":36,"column":34}},"loc":{"start":{"line":36,"column":33},"end":{"line":39,"column":16}}},"7":{"name":"(anonymous_17)","decl":{"start":{"line":47,"column":10},"end":{"line":47,"column":26}},"loc":{"start":{"line":47,"column":74},"end":{"line":60,"column":null}}},"8":{"name":"(anonymous_19)","decl":{"start":{"line":51,"column":22},"end":{"line":51,"column":31}},"loc":{"start":{"line":51,"column":33},"end":{"line":54,"column":16}}},"9":{"name":"(anonymous_20)","decl":{"start":{"line":51,"column":33},"end":{"line":51,"column":34}},"loc":{"start":{"line":51,"column":33},"end":{"line":54,"column":16}}},"10":{"name":"(anonymous_21)","decl":{"start":{"line":62,"column":10},"end":{"line":62,"column":22}},"loc":{"start":{"line":62,"column":70},"end":{"line":68,"column":null}}},"11":{"name":"(anonymous_23)","decl":{"start":{"line":70,"column":10},"end":{"line":70,"column":39}},"loc":{"start":{"line":70,"column":87},"end":{"line":83,"column":null}}},"12":{"name":"(anonymous_25)","decl":{"start":{"line":74,"column":22},"end":{"line":74,"column":31}},"loc":{"start":{"line":74,"column":33},"end":{"line":77,"column":16}}},"13":{"name":"(anonymous_26)","decl":{"start":{"line":74,"column":33},"end":{"line":74,"column":34}},"loc":{"start":{"line":74,"column":33},"end":{"line":77,"column":16}}},"14":{"name":"(anonymous_27)","decl":{"start":{"line":85,"column":10},"end":{"line":85,"column":19}},"loc":{"start":{"line":85,"column":67},"end":{"line":93,"column":null}}},"15":{"name":"(anonymous_29)","decl":{"start":{"line":88,"column":22},"end":{"line":88,"column":31}},"loc":{"start":{"line":88,"column":33},"end":{"line":88,"column":null}}},"16":{"name":"(anonymous_30)","decl":{"start":{"line":88,"column":33},"end":{"line":88,"column":34}},"loc":{"start":{"line":88,"column":33},"end":{"line":88,"column":null}}},"17":{"name":"(anonymous_31)","decl":{"start":{"line":95,"column":10},"end":{"line":95,"column":27}},"loc":{"start":{"line":95,"column":75},"end":{"line":103,"column":null}}},"18":{"name":"(anonymous_33)","decl":{"start":{"line":98,"column":22},"end":{"line":98,"column":31}},"loc":{"start":{"line":98,"column":33},"end":{"line":98,"column":null}}},"19":{"name":"(anonymous_34)","decl":{"start":{"line":98,"column":33},"end":{"line":98,"column":34}},"loc":{"start":{"line":98,"column":33},"end":{"line":98,"column":null}}}},"branchMap":{"0":{"loc":{"start":{"line":27,"column":15},"end":{"line":29,"column":10}},"type":"binary-expr","locations":[{"start":{"line":27,"column":15},"end":{"line":27,"column":30}},{"start":{"line":27,"column":34},"end":{"line":29,"column":10}}]},"1":{"loc":{"start":{"line":28,"column":16},"end":{"line":28,"column":29}},"type":"cond-expr","locations":[{"start":{"line":28,"column":20},"end":{"line":28,"column":22}},{"start":{"line":28,"column":16},"end":{"line":28,"column":29}}]},"2":{"loc":{"start":{"line":28,"column":16},"end":{"line":28,"column":22}},"type":"binary-expr","locations":[{"start":{"line":28,"column":16},"end":{"line":28,"column":22}},{"start":{"line":28,"column":16},"end":{"line":28,"column":22}}]},"3":{"loc":{"start":{"line":42,"column":15},"end":{"line":43,"column":null}},"type":"binary-expr","locations":[{"start":{"line":42,"column":15},"end":{"line":42,"column":31}},{"start":{"line":42,"column":35},"end":{"line":43,"column":null}}]},"4":{"loc":{"start":{"line":43,"column":12},"end":{"line":43,"column":23}},"type":"cond-expr","locations":[{"start":{"line":43,"column":17},"end":{"line":43,"column":19}},{"start":{"line":43,"column":12},"end":{"line":43,"column":23}}]},"5":{"loc":{"start":{"line":43,"column":12},"end":{"line":43,"column":19}},"type":"binary-expr","locations":[{"start":{"line":43,"column":12},"end":{"line":43,"column":19}},{"start":{"line":43,"column":12},"end":{"line":43,"column":19}}]},"6":{"loc":{"start":{"line":57,"column":15},"end":{"line":58,"column":null}},"type":"binary-expr","locations":[{"start":{"line":57,"column":15},"end":{"line":57,"column":31}},{"start":{"line":57,"column":35},"end":{"line":58,"column":null}}]},"7":{"loc":{"start":{"line":58,"column":12},"end":{"line":58,"column":23}},"type":"cond-expr","locations":[{"start":{"line":58,"column":17},"end":{"line":58,"column":19}},{"start":{"line":58,"column":12},"end":{"line":58,"column":23}}]},"8":{"loc":{"start":{"line":58,"column":12},"end":{"line":58,"column":19}},"type":"binary-expr","locations":[{"start":{"line":58,"column":12},"end":{"line":58,"column":19}},{"start":{"line":58,"column":12},"end":{"line":58,"column":19}}]},"9":{"loc":{"start":{"line":66,"column":12},"end":{"line":66,"column":31}},"type":"cond-expr","locations":[{"start":{"line":66,"column":21},"end":{"line":66,"column":23}},{"start":{"line":66,"column":21},"end":{"line":66,"column":31}}]},"10":{"loc":{"start":{"line":66,"column":12},"end":{"line":66,"column":23}},"type":"binary-expr","locations":[{"start":{"line":66,"column":12},"end":{"line":66,"column":23}},{"start":{"line":66,"column":21},"end":{"line":66,"column":23}}]},"11":{"loc":{"start":{"line":66,"column":12},"end":{"line":66,"column":21}},"type":"cond-expr","locations":[{"start":{"line":66,"column":15},"end":{"line":66,"column":17}},{"start":{"line":66,"column":12},"end":{"line":66,"column":21}}]},"12":{"loc":{"start":{"line":66,"column":12},"end":{"line":66,"column":17}},"type":"binary-expr","locations":[{"start":{"line":66,"column":12},"end":{"line":66,"column":17}},{"start":{"line":66,"column":12},"end":{"line":66,"column":17}}]},"13":{"loc":{"start":{"line":80,"column":15},"end":{"line":81,"column":null}},"type":"binary-expr","locations":[{"start":{"line":80,"column":15},"end":{"line":80,"column":30}},{"start":{"line":80,"column":34},"end":{"line":81,"column":null}}]},"14":{"loc":{"start":{"line":81,"column":12},"end":{"line":81,"column":22}},"type":"cond-expr","locations":[{"start":{"line":81,"column":16},"end":{"line":81,"column":18}},{"start":{"line":81,"column":12},"end":{"line":81,"column":22}}]},"15":{"loc":{"start":{"line":81,"column":12},"end":{"line":81,"column":18}},"type":"binary-expr","locations":[{"start":{"line":81,"column":12},"end":{"line":81,"column":18}},{"start":{"line":81,"column":12},"end":{"line":81,"column":18}}]},"16":{"loc":{"start":{"line":92,"column":15},"end":{"line":92,"column":92}},"type":"binary-expr","locations":[{"start":{"line":92,"column":15},"end":{"line":92,"column":30}},{"start":{"line":92,"column":34},"end":{"line":92,"column":92}}]},"17":{"loc":{"start":{"line":102,"column":15},"end":{"line":102,"column":92}},"type":"binary-expr","locations":[{"start":{"line":102,"column":15},"end":{"line":102,"column":30}},{"start":{"line":102,"column":34},"end":{"line":102,"column":92}}]}},"s":{"0":3,"1":3,"2":9,"3":2,"4":2,"5":2,"6":2,"7":2,"8":2,"9":2,"10":2,"11":2,"12":2,"13":2,"14":2,"15":2,"16":2,"17":2,"18":2,"19":2,"20":2,"21":2,"22":2,"23":2,"24":2,"25":2,"26":2,"27":2,"28":2,"29":2,"30":2,"31":2,"32":3},"f":{"0":9,"1":2,"2":2,"3":2,"4":2,"5":2,"6":2,"7":2,"8":2,"9":2,"10":2,"11":2,"12":2,"13":2,"14":2,"15":2,"16":2,"17":2,"18":2,"19":2},"b":{"0":[2,2],"1":[0,2],"2":[2,2],"3":[2,2],"4":[0,2],"5":[2,2],"6":[2,2],"7":[0,2],"8":[2,2],"9":[1,1],"10":[2,2],"11":[0,2],"12":[2,2],"13":[2,2],"14":[0,2],"15":[2,2],"16":[2,2],"17":[2,2]}}
,"C:\\Users\\Peterlight\\Projects\\Savannah\\todo_nodejs\\http__server\\src\\ports\\controllers\\filters\\fields.ts": {"path":"C:\\Users\\Peterlight\\Projects\\Savannah\\todo_nodejs\\http__server\\src\\ports\\controllers\\filters\\fields.ts","statementMap":{"0":{"start":{"line":1,"column":0},"end":{"line":1,"column":null}},"1":{"start":{"line":2,"column":4},"end":{"line":2,"column":null}},"2":{"start":{"line":3,"column":4},"end":{"line":3,"column":null}},"3":{"start":{"line":4,"column":4},"end":{"line":4,"column":null}},"4":{"start":{"line":5,"column":4},"end":{"line":5,"column":null}},"5":{"start":{"line":6,"column":4},"end":{"line":6,"column":null}},"6":{"start":{"line":7,"column":4},"end":{"line":7,"column":null}},"7":{"start":{"line":8,"column":4},"end":{"line":8,"column":null}},"8":{"start":{"line":9,"column":4},"end":{"line":9,"column":null}},"9":{"start":{"line":12,"column":0},"end":{"line":12,"column":null}},"10":{"start":{"line":13,"column":4},"end":{"line":13,"column":null}},"11":{"start":{"line":14,"column":4},"end":{"line":14,"column":null}},"12":{"start":{"line":28,"column":14},"end":{"line":37,"column":null}},"13":{"start":{"line":42,"column":8},"end":{"line":42,"column":null}},"14":{"start":{"line":47,"column":8},"end":{"line":49,"column":9}},"15":{"start":{"line":48,"column":12},"end":{"line":48,"column":null}},"16":{"start":{"line":53,"column":20},"end":{"line":53,"column":60}},"17":{"start":{"line":54,"column":8},"end":{"line":61,"column":9}},"18":{"start":{"line":55,"column":48},"end":{"line":55,"column":51}},"19":{"start":{"line":57,"column":31},"end":{"line":57,"column":69}},"20":{"start":{"line":58,"column":32},"end":{"line":58,"column":34}},"21":{"start":{"line":59,"column":12},"end":{"line":59,"column":null}},"22":{"start":{"line":60,"column":12},"end":{"line":60,"column":null}},"23":{"start":{"line":25,"column":0},"end":{"line":25,"column":13}},"24":{"start":{"line":68,"column":4},"end":{"line":73,"column":null}},"25":{"start":{"line":77,"column":8},"end":{"line":80,"column":9}},"26":{"start":{"line":79,"column":12},"end":{"line":79,"column":null}},"27":{"start":{"line":81,"column":8},"end":{"line":81,"column":null}},"28":{"start":{"line":67,"column":0},"end":{"line":67,"column":13}},"29":{"start":{"line":89,"column":8},"end":{"line":92,"column":9}},"30":{"start":{"line":91,"column":12},"end":{"line":91,"column":null}},"31":{"start":{"line":91,"column":65},"end":{"line":91,"column":96}},"32":{"start":{"line":93,"column":8},"end":{"line":93,"column":null}},"33":{"start":{"line":85,"column":0},"end":{"line":85,"column":13}},"34":{"start":{"line":99,"column":4},"end":{"line":106,"column":null}},"35":{"start":{"line":110,"column":8},"end":{"line":113,"column":9}},"36":{"start":{"line":112,"column":12},"end":{"line":112,"column":null}},"37":{"start":{"line":112,"column":65},"end":{"line":112,"column":89}},"38":{"start":{"line":114,"column":8},"end":{"line":114,"column":null}},"39":{"start":{"line":98,"column":0},"end":{"line":98,"column":13}}},"fnMap":{"0":{"name":"(anonymous_0)","decl":{"start":{"line":1,"column":0},"end":{"line":1,"column":12}},"loc":{"start":{"line":1,"column":33},"end":{"line":10,"column":1}}},"1":{"name":"(anonymous_1)","decl":{"start":{"line":12,"column":0},"end":{"line":12,"column":12}},"loc":{"start":{"line":12,"column":37},"end":{"line":15,"column":1}}},"2":{"name":"(anonymous_2)","decl":{"start":{"line":41,"column":4},"end":{"line":41,"column":16}},"loc":{"start":{"line":41,"column":49},"end":{"line":43,"column":5}}},"3":{"name":"(anonymous_3)","decl":{"start":{"line":45,"column":14},"end":{"line":45,"column":47}},"loc":{"start":{"line":45,"column":47},"end":{"line":50,"column":5}}},"4":{"name":"(anonymous_4)","decl":{"start":{"line":52,"column":4},"end":{"line":52,"column":8}},"loc":{"start":{"line":52,"column":19},"end":{"line":62,"column":5}}},"5":{"name":"(anonymous_5)","decl":{"start":{"line":67,"column":0},"end":{"line":67,"column":13}},"loc":{"start":{"line":67,"column":0},"end":{"line":83,"column":1}}},"6":{"name":"(anonymous_6)","decl":{"start":{"line":75,"column":14},"end":{"line":75,"column":31}},"loc":{"start":{"line":75,"column":50},"end":{"line":82,"column":5}}},"7":{"name":"(anonymous_7)","decl":{"start":{"line":87,"column":14},"end":{"line":87,"column":31}},"loc":{"start":{"line":87,"column":50},"end":{"line":94,"column":5}}},"8":{"name":"(anonymous_8)","decl":{"start":{"line":91,"column":55},"end":{"line":91,"column":56}},"loc":{"start":{"line":91,"column":65},"end":{"line":91,"column":96}}},"9":{"name":"(anonymous_9)","decl":{"start":{"line":98,"column":0},"end":{"line":98,"column":13}},"loc":{"start":{"line":98,"column":0},"end":{"line":116,"column":1}}},"10":{"name":"(anonymous_10)","decl":{"start":{"line":108,"column":14},"end":{"line":108,"column":31}},"loc":{"start":{"line":108,"column":50},"end":{"line":115,"column":5}}},"11":{"name":"(anonymous_11)","decl":{"start":{"line":112,"column":55},"end":{"line":112,"column":56}},"loc":{"start":{"line":112,"column":65},"end":{"line":112,"column":89}}}},"branchMap":{"0":{"loc":{"start":{"line":1,"column":12},"end":{"line":1,"column":null}},"type":"binary-expr","locations":[{"start":{"line":1,"column":12},"end":{"line":1,"column":33}},{"start":{"line":1,"column":33},"end":{"line":1,"column":null}}]},"1":{"loc":{"start":{"line":12,"column":12},"end":{"line":12,"column":null}},"type":"binary-expr","locations":[{"start":{"line":12,"column":12},"end":{"line":12,"colum
[...]
,"C:\\Users\\Peterlight\\Projects\\Savannah\\todo_nodejs\\http__server\\src\\ports\\middlewares\\validation.ts": {"path":"C:\\Users\\Peterlight\\Projects\\Savannah\\todo_nodejs\\http__server\\src\\ports\\middlewares\\validation.ts","statementMap":{"0":{"start":{"line":3,"column":0},"end":{"line":3,"column":74}},"1":{"start":{"line":10,"column":28},"end":{"line":27,"column":1}},"2":{"start":{"line":11,"column":27},"end":{"line":11,"column":48}},"3":{"start":{"line":12,"column":4},"end":{"line":25,"column":5}},"4":{"start":{"line":13,"column":8},"end":{"line":19,"column":null}},"5":{"start":{"line":15,"column":47},"end":{"line":18,"column":14}},"6":{"start":{"line":21,"column":8},"end":{"line":24,"column":null}},"7":{"start":{"line":29,"column":45},"end":{"line":42,"column":2}},"8":{"start":{"line":29,"column":82},"end":{"line":42,"column":1}},"9":{"start":{"line":31,"column":31},"end":{"line":31,"column":78}},"10":{"start":{"line":32,"column":4},"end":{"line":41,"column":5}},"11":{"start":{"line":34,"column":8},"end":{"line":34,"column":69}},"12":{"start":{"line":35,"column":8},"end":{"line":35,"column":null}},"13":{"start":{"line":38,"column":8},"end":{"line":40,"column":null}},"14":{"start":{"line":29,"column":13},"end":{"line":29,"column":45}}},"fnMap":{"0":{"name":"(anonymous_0)","decl":{"start":{"line":10,"column":28},"end":{"line":10,"column":29}},"loc":{"start":{"line":10,"column":87},"end":{"line":27,"column":1}}},"1":{"name":"(anonymous_1)","decl":{"start":{"line":15,"column":36},"end":{"line":15,"column":37}},"loc":{"start":{"line":15,"column":47},"end":{"line":18,"column":14}}},"2":{"name":"(anonymous_2)","decl":{"start":{"line":29,"column":45},"end":{"line":29,"column":46}},"loc":{"start":{"line":29,"column":82},"end":{"line":42,"column":1}}},"3":{"name":"(anonymous_3)","decl":{"start":{"line":29,"column":82},"end":{"line":29,"column":83}},"loc":{"start":{"line":29,"column":134},"end":{"line":42,"column":1}}}},"branchMap":{"0":{"loc":{"start":{"line":12,"column":4},"end":{"line":25,"column":5}},"type":"if","locations":[{"start":{"line":12,"column":4},"end":{"line":25,"column":5}},{"start":{"line":20,"column":11},"end":{"line":25,"column":5}}]},"1":{"loc":{"start":{"line":17,"column":24},"end":{"line":17,"column":46}},"type":"cond-expr","locations":[{"start":{"line":17,"column":29},"end":{"line":17,"column":31}},{"start":{"line":17,"column":24},"end":{"line":17,"column":46}}]},"2":{"loc":{"start":{"line":17,"column":24},"end":{"line":17,"column":31}},"type":"binary-expr","locations":[{"start":{"line":17,"column":24},"end":{"line":17,"column":31}},{"start":{"line":17,"column":24},"end":{"line":17,"column":31}}]},"3":{"loc":{"start":{"line":32,"column":4},"end":{"line":41,"column":5}},"type":"if","locations":[{"start":{"line":32,"column":4},"end":{"line":41,"column":5}},{"start":{"line":36,"column":11},"end":{"line":41,"column":5}}]},"4":{"loc":{"start":{"line":34,"column":24},"end":{"line":34,"column":38}},"type":"binary-expr","locations":[{"start":{"line":34,"column":24},"end":{"line":34,"column":32}},{"start":{"line":34,"column":36},"end":{"line":34,"column":38}}]}},"s":{"0":2,"1":2,"2":7,"3":7,"4":0,"5":0,"6":7,"7":2,"8":14,"9":7,"10":7,"11":7,"12":7,"13":0,"14":2},"f":{"0":7,"1":0,"2":14,"3":7},"b":{"0":[0,7],"1":[0,0],"2":[0,0],"3":[7,0],"4":[7,0]}}
,"C:\\Users\\Peterlight\\Projects\\Savannah\\todo_nodejs\\http__server\\src\\ports\\routers\\task.ts": {"path":"C:\\Users\\Peterlight\\Projects\\Savannah\\todo_nodejs\\http__server\\src\\ports\\routers\\task.ts","statementMap":{"0":{"start":{"line":1,"column":0},"end":{"line":1,"column":30}},"1":{"start":{"line":3,"column":0},"end":{"line":3,"column":72}},"2":{"start":{"line":4,"column":0},"end":{"line":4,"column":82}},"3":{"start":{"line":5,"column":0},"end":{"line":5,"column":78}},"4":{"start":{"line":6,"column":0},"end":{"line":6,"column":59}},"5":{"start":{"line":7,"column":0},"end":{"line":7,"column":78}},"6":{"start":{"line":8,"column":0},"end":{"line":8,"column":55}},"7":{"start":{"line":11,"column":15},"end":{"line":11,"column":31}},"8":{"start":{"line":34,"column":18},"end":{"line":34,"column":28}},"9":{"start":{"line":12,"column":23},"end":{"line":12,"column":74}},"10":{"start":{"line":13,"column":0},"end":{"line":19,"column":null}},"11":{"start":{"line":21,"column":0},"end":{"line":21,"column":null}},"12":{"start":{"line":21,"column":82},"end":{"line":21,"column":123}},"13":{"start":{"line":23,"column":0},"end":{"line":23,"column":null}},"14":{"start":{"line":23,"column":39},"end":{"line":23,"column":79}},"15":{"start":{"line":25,"column":0},"end":{"line":25,"column":null}},"16":{"start":{"line":25,"column":36},"end":{"line":25,"column":84}},"17":{"start":{"line":27,"column":0},"end":{"line":27,"column":null}},"18":{"start":{"line":27,"column":86},"end":{"line":27,"column":127}},"19":{"start":{"line":29,"column":0},"end":{"line":29,"column":null}},"20":{"start":{"line":29,"column":42},"end":{"line":29,"column":83}},"21":{"start":{"line":31,"column":0},"end":{"line":31,"column":null}},"22":{"start":{"line":31,"column":103},"end":{"line":31,"column":149}}},"fnMap":{"0":{"name":"(anonymous_1)","decl":{"start":{"line":21,"column":62},"end":{"line":21,"column":63}},"loc":{"start":{"line":21,"column":82},"end":{"line":21,"column":123}}},"1":{"name":"(anonymous_2)","decl":{"start":{"line":23,"column":19},"end":{"line":23,"column":20}},"loc":{"start":{"line":23,"column":39},"end":{"line":23,"column":79}}},"2":{"name":"(anonymous_3)","decl":{"start":{"line":25,"column":16},"end":{"line":25,"column":17}},"loc":{"start":{"line":25,"column":36},"end":{"line":25,"column":84}}},"3":{"name":"(anonymous_4)","decl":{"start":{"line":27,"column":66},"end":{"line":27,"column":67}},"loc":{"start":{"line":27,"column":86},"end":{"line":27,"column":127}}},"4":{"name":"(anonymous_5)","decl":{"start":{"line":29,"column":22},"end":{"line":29,"column":23}},"loc":{"start":{"line":29,"column":42},"end":{"line":29,"column":83}}},"5":{"name":"(anonymous_6)","decl":{"start":{"line":31,"column":83},"end":{"line":31,"column":84}},"loc":{"start":{"line":31,"column":103},"end":{"line":31,"column":149}}}},"branchMap":{},"s":{"0":2,"1":2,"2":2,"3":2,"4":2,"5":2,"6":2,"7":2,"8":2,"9":2,"10":2,"11":2,"12":1,"13":2,"14":2,"15":2,"16":4,"17":2,"18":1,"19":2,"20":1,"21":2,"22":1},"f":{"0":1,"1":2,"2":4,"3":1,"4":1,"5":1},"b":{}}
,"C:\\Users\\Peterlight\\Projects\\Savannah\\todo_nodejs\\http__server\\src\\ports\\routers\\user.ts": {"path":"C:\\Users\\Peterlight\\Projects\\Savannah\\todo_nodejs\\http__server\\src\\ports\\routers\\user.ts","statementMap":{"0":{"start":{"line":1,"column":0},"end":{"line":1,"column":30}},"1":{"start":{"line":3,"column":0},"end":{"line":3,"column":72}},"2":{"start":{"line":4,"column":0},"end":{"line":4,"column":118}},"3":{"start":{"line":5,"column":0},"end":{"line":5,"column":null}},"4":{"start":{"line":9,"column":0},"end":{"line":9,"column":78}},"5":{"start":{"line":10,"column":0},"end":{"line":10,"column":59}},"6":{"start":{"line":11,"column":0},"end":{"line":11,"column":55}},"7":{"start":{"line":14,"column":15},"end":{"line":14,"column":31}},"8":{"start":{"line":39,"column":18},"end":{"line":39,"column":28}},"9":{"start":{"line":15,"column":23},"end":{"line":15,"column":74}},"10":{"start":{"line":17,"column":0},"end":{"line":17,"column":null}},"11":{"start":{"line":17,"column":198},"end":{"line":17,"column":258}},"12":{"start":{"line":18,"column":0},"end":{"line":25,"column":null}},"13":{"start":{"line":25,"column":24},"end":{"line":25,"column":67}},"14":{"start":{"line":27,"column":0},"end":{"line":27,"column":null}},"15":{"start":{"line":27,"column":86},"end":{"line":27,"column":126}},"16":{"start":{"line":29,"column":0},"end":{"line":29,"column":null}},"17":{"start":{"line":29,"column":77},"end":{"line":29,"column":120}},"18":{"start":{"line":31,"column":0},"end":{"line":31,"column":null}},"19":{"start":{"line":31,"column":78},"end":{"line":31,"column":126}},"20":{"start":{"line":33,"column":0},"end":{"line":33,"column":null}},"21":{"start":{"line":33,"column":78},"end":{"line":33,"column":118}},"22":{"start":{"line":36,"column":0},"end":{"line":36,"column":null}},"23":{"start":{"line":36,"column":101},"end":{"line":36,"column":148}}},"fnMap":{"0":{"name":"(anonymous_1)","decl":{"start":{"line":17,"column":178},"end":{"line":17,"column":179}},"loc":{"start":{"line":17,"column":198},"end":{"line":17,"column":258}}},"1":{"name":"(anonymous_2)","decl":{"start":{"line":25,"column":4},"end":{"line":25,"column":5}},"loc":{"start":{"line":25,"column":24},"end":{"line":25,"column":67}}},"2":{"name":"(anonymous_3)","decl":{"start":{"line":27,"column":66},"end":{"line":27,"column":67}},"loc":{"start":{"line":27,"column":86},"end":{"line":27,"column":126}}},"3":{"name":"(anonymous_4)","decl":{"start":{"line":29,"column":57},"end":{"line":29,"column":58}},"loc":{"start":{"line":29,"column":77},"end":{"line":29,"column":120}}},"4":{"name":"(anonymous_5)","decl":{"start":{"line":31,"column":58},"end":{"line":31,"column":59}},"loc":{"start":{"line":31,"column":78},"end":{"line":31,"column":126}}},"5":{"name":"(anonymous_6)","decl":{"start":{"line":33,"column":58},"end":{"line":33,"column":59}},"loc":{"start":{"line":33,"column":78},"end":{"line":33,"column":118}}},"6":{"name":"(anonymous_7)","decl":{"start":{"line":36,"column":81},"end":{"line":36,"column":82}},"loc":{"start":{"line":36,"column":101},"end":{"line":36,"column":148}}}},"branchMap":{},"s":{"0":2,"1":2,"2":2,"3":2,"4":2,"5":2,"6":2,"7":2,"8":2,"9":2,"10":2,"11":1,"12":2,"13":1,"14":2,"15":1,"16":2,"17":1,"18":2,"19":1,"20":2,"21":1,"22":2,"23":1},"f":{"0":1,"1":1,"2":1,"3":1,"4":1,"5":1,"6":1},"b":{}}
,"C:\\Users\\Peterlight\\Projects\\Savannah\\todo_nodejs\\http__server\\src\\ports\\validators\\schema\\task.ts": {"path":"C:\\Users\\Peterlight\\Projects\\Savannah\\todo_nodejs\\http__server\\src\\ports\\validators\\schema\\task.ts","statementMap":{"0":{"start":{"line":1,"column":0},"end":{"line":1,"column":22}},"1":{"start":{"line":2,"column":0},"end":{"line":2,"column":55}},"2":{"start":{"line":4,"column":13},"end":{"line":20,"column":null}},"3":{"start":{"line":21,"column":13},"end":{"line":35,"column":null}},"4":{"start":{"line":37,"column":13},"end":{"line":39,"column":null}}},"fnMap":{},"branchMap":{},"s":{"0":2,"1":2,"2":2,"3":2,"4":2},"f":{},"b":{}}
,"C:\\Users\\Peterlight\\Projects\\Savannah\\todo_nodejs\\http__server\\src\\ports\\validators\\schema\\user.ts": {"path":"C:\\Users\\Peterlight\\Projects\\Savannah\\todo_nodejs\\http__server\\src\\ports\\validators\\schema\\user.ts","statementMap":{"0":{"start":{"line":1,"column":0},"end":{"line":1,"column":22}},"1":{"start":{"line":3,"column":13},"end":{"line":22,"column":null}},"2":{"start":{"line":25,"column":13},"end":{"line":32,"column":null}},"3":{"start":{"line":35,"column":13},"end":{"line":37,"column":null}},"4":{"start":{"line":39,"column":13},"end":{"line":41,"column":null}}},"fnMap":{},"branchMap":{},"s":{"0":2,"1":2,"2":2,"3":2,"4":2},"f":{},"b":{}}
,"C:\\Users\\Peterlight\\Projects\\Savannah\\todo_nodejs\\http__server\\src\\tests\\integration\\mocks\\index.ts": {"path":"C:\\Users\\Peterlight\\Projects\\Savannah\\todo_nodejs\\http__server\\src\\tests\\integration\\mocks\\index.ts","statementMap":{"0":{"start":{"line":1,"column":0},"end":{"line":1,"column":38}},"1":{"start":{"line":2,"column":0},"end":{"line":2,"column":55}},"2":{"start":{"line":8,"column":8},"end":{"line":15,"column":null}},"3":{"start":{"line":19,"column":8},"end":{"line":27,"column":null}},"4":{"start":{"line":6,"column":0},"end":{"line":6,"column":13}}},"fnMap":{"0":{"name":"(anonymous_0)","decl":{"start":{"line":7,"column":4},"end":{"line":7,"column":10}},"loc":{"start":{"line":7,"column":80},"end":{"line":16,"column":5}}},"1":{"name":"(anonymous_1)","decl":{"start":{"line":18,"column":4},"end":{"line":18,"column":10}},"loc":{"start":{"line":18,"column":46},"end":{"line":28,"column":5}}}},"branchMap":{"0":{"loc":{"start":{"line":13,"column":19},"end":{"line":13,"column":84}},"type":"binary-expr","locations":[{"start":{"line":13,"column":19},"end":{"line":13,"column":24}},{"start":{"line":13,"column":28},"end":{"line":13,"column":84}}]},"1":{"loc":{"start":{"line":22,"column":22},"end":{"line":26,"column":14}},"type":"binary-expr","locations":[{"start":{"line":22,"column":22},"end":{"line":22,"column":30}},{"start":{"line":22,"column":34},"end":{"line":26,"column":14}}]}},"s":{"0":2,"1":2,"2":14,"3":8,"4":2},"f":{"0":14,"1":8},"b":{"0":[14,14],"1":[8,7]}}
,"C:\\Users\\Peterlight\\Projects\\Savannah\\todo_nodejs\\http__server\\src\\tests\\unit\\mocks\\AuthService.ts": {"path":"C:\\Users\\Peterlight\\Projects\\Savannah\\todo_nodejs\\http__server\\src\\tests\\unit\\mocks\\AuthService.ts","statementMap":{"0":{"start":{"line":3,"column":13},"end":{"line":8,"column":2}}},"fnMap":{},"branchMap":{},"s":{"0":1},"f":{},"b":{}}
,"C:\\Users\\Peterlight\\Projects\\Savannah\\todo_nodejs\\http__server\\src\\tests\\unit\\mocks\\BaseRepository.ts": {"path":"C:\\Users\\Peterlight\\Projects\\Savannah\\todo_nodejs\\http__server\\src\\tests\\unit\\mocks\\BaseRepository.ts","statementMap":{"0":{"start":{"line":3,"column":13},"end":{"line":10,"column":2}}},"fnMap":{},"branchMap":{},"s":{"0":2},"f":{},"b":{}}
,"C:\\Users\\Peterlight\\Projects\\Savannah\\todo_nodejs\\http__server\\src\\tests\\unit\\mocks\\MessageQueue.ts": {"path":"C:\\Users\\Peterlight\\Projects\\Savannah\\todo_nodejs\\http__server\\src\\tests\\unit\\mocks\\MessageQueue.ts","statementMap":{"0":{"start":{"line":3,"column":13},"end":{"line":6,"column":2}},"1":{"start":{"line":4,"column":59},"end":{"line":4,"column":null}},"2":{"start":{"line":4,"column":60},"end":{"line":4,"column":null}},"3":{"start":{"line":5,"column":44},"end":{"line":5,"column":null}},"4":{"start":{"line":5,"column":45},"end":{"line":5,"column":null}}},"fnMap":{"0":{"name":"(anonymous_7)","decl":{"start":{"line":4,"column":17},"end":{"line":4,"column":24}},"loc":{"start":{"line":4,"column":59},"end":{"line":4,"column":null}}},"1":{"name":"(anonymous_8)","decl":{"start":{"line":4,"column":59},"end":{"line":4,"column":60}},"loc":{"start":{"line":4,"column":59},"end":{"line":4,"column":null}}},"2":{"name":"(anonymous_9)","decl":{"start":{"line":5,"column":33},"end":{"line":5,"column":42}},"loc":{"start":{"line":5,"column":44},"end":{"line":5,"column":null}}},"3":{"name":"(anonymous_10)","decl":{"start":{"line":5,"column":44},"end":{"line":5,"column":45}},"loc":{"start":{"line":5,"column":44},"end":{"line":5,"column":null}}}},"branchMap":{},"s":{"0":1,"1":3,"2":3,"3":0,"4":0},"f":{"0":3,"1":3,"2":0,"3":0},"b":{}}
,"C:\\Users\\Peterlight\\Projects\\Savannah\\todo_nodejs\\http__server\\src\\tests\\unit\\mocks\\TaskController.ts": {"path":"C:\\Users\\Peterlight\\Projects\\Savannah\\todo_nodejs\\http__server\\src\\tests\\unit\\mocks\\TaskController.ts","statementMap":{"0":{"start":{"line":3,"column":13},"end":{"line":10,"column":2}}},"fnMap":{},"branchMap":{},"s":{"0":0},"f":{},"b":{}}
,"C:\\Users\\Peterlight\\Projects\\Savannah\\todo_nodejs\\http__server\\src\\tests\\unit\\mocks\\TaskRepository.ts": {"path":"C:\\Users\\Peterlight\\Projects\\Savannah\\todo_nodejs\\http__server\\src\\tests\\unit\\mocks\\TaskRepository.ts","statementMap":{"0":{"start":{"line":1,"column":0},"end":{"line":1,"column":52}},"1":{"start":{"line":4,"column":13},"end":{"line":5,"column":null}}},"fnMap":{},"branchMap":{},"s":{"0":1,"1":1},"f":{},"b":{}}
,"C:\\Users\\Peterlight\\Projects\\Savannah\\todo_nodejs\\http__server\\src\\tests\\unit\\mocks\\TaskService.ts": {"path":"C:\\Users\\Peterlight\\Projects\\Savannah\\todo_nodejs\\http__server\\src\\tests\\unit\\mocks\\TaskService.ts","statementMap":{"0":{"start":{"line":3,"column":13},"end":{"line":10,"column":2}}},"fnMap":{},"branchMap":{},"s":{"0":1},"f":{},"b":{}}
,"C:\\Users\\Peterlight\\Projects\\Savannah\\todo_nodejs\\http__server\\src\\tests\\unit\\mocks\\UserController.ts": {"path":"C:\\Users\\Peterlight\\Projects\\Savannah\\todo_nodejs\\http__server\\src\\tests\\unit\\mocks\\UserController.ts","statementMap":{"0":{"start":{"line":3,"column":13},"end":{"line":11,"column":2}}},"fnMap":{},"branchMap":{},"s":{"0":0},"f":{},"b":{}}
,"C:\\Users\\Peterlight\\Projects\\Savannah\\todo_nodejs\\http__server\\src\\tests\\unit\\mocks\\UserRepository.ts": {"path":"C:\\Users\\Peterlight\\Projects\\Savannah\\todo_nodejs\\http__server\\src\\tests\\unit\\mocks\\UserRepository.ts","statementMap":{"0":{"start":{"line":1,"column":0},"end":{"line":1,"column":52}},"1":{"start":{"line":4,"column":13},"end":{"line":8,"column":null}}},"fnMap":{},"branchMap":{},"s":{"0":1,"1":1},"f":{},"b":{}}
,"C:\\Users\\Peterlight\\Projects\\Savannah\\todo_nodejs\\http__server\\src\\tests\\unit\\mocks\\UserService.ts": {"path":"C:\\Users\\Peterlight\\Projects\\Savannah\\todo_nodejs\\http__server\\src\\tests\\unit\\mocks\\UserService.ts","statementMap":{"0":{"start":{"line":3,"column":13},"end":{"line":10,"column":2}}},"fnMap":{},"branchMap":{},"s":{"0":1},"f":{},"b":{}}
,"C:\\Users\\Peterlight\\Projects\\Savannah\\todo_nodejs\\http__server\\src\\tests\\unit\\mocks\\index.ts": {"path":"C:\\Users\\Peterlight\\Projects\\Savannah\\todo_nodejs\\http__server\\src\\tests\\unit\\mocks\\index.ts","statementMap":{"0":{"start":{"line":1,"column":0},"end":{"line":1,"column":38}},"1":{"start":{"line":4,"column":0},"end":{"line":4,"column":55}},"2":{"start":{"line":8,"column":8},"end":{"line":13,"column":10}},"3":{"start":{"line":17,"column":8},"end":{"line":24,"column":10}},"4":{"start":{"line":28,"column":8},"end":{"line":31,"column":null}},"5":{"start":{"line":29,"column":12},"end":{"line":29,"column":66}},"6":{"start":{"line":30,"column":12},"end":{"line":30,"column":19}},"7":{"start":{"line":6,"column":0},"end":{"line":6,"column":21}}},"fnMap":{"0":{"name":"(anonymous_0)","decl":{"start":{"line":7,"column":4},"end":{"line":7,"column":10}},"loc":{"start":{"line":7,"column":27},"end":{"line":14,"column":5}}},"1":{"name":"(anonymous_1)","decl":{"start":{"line":16,"column":4},"end":{"line":16,"column":10}},"loc":{"start":{"line":16,"column":27},"end":{"line":25,"column":5}}},"2":{"name":"(anonymous_2)","decl":{"start":{"line":27,"column":4},"end":{"line":27,"column":10}},"loc":{"start":{"line":27,"column":40},"end":{"line":32,"column":5}}},"3":{"name":"(anonymous_3)","decl":{"start":{"line":28,"column":15},"end":{"line":28,"column":16}},"loc":{"start":{"line":28,"column":34},"end":{"line":31,"column":9}}}},"branchMap":{"0":{"loc":{"start":{"line":29,"column":23},"end":{"line":29,"column":65}},"type":"binary-expr","locations":[{"start":{"line":29,"column":23},"end":{"line":29,"column":27}},{"start":{"line":29,"column":31},"end":{"line":29,"column":65}}]}},"s":{"0":4,"1":4,"2":18,"3":13,"4":7,"5":6,"6":6,"7":4},"f":{"0":18,"1":13,"2":7,"3":6},"b":{"0":[6,6]}}
}
