TN:
SF:src\app.ts
FN:34,(anonymous_8)
FN:44,(anonymous_9)
FN:44,(anonymous_10)
FN:46,(anonymous_11)
FN:46,(anonymous_12)
FNF:5
FNH:3
FNDA:0,(anonymous_8)
FNDA:2,(anonymous_9)
FNDA:2,(anonymous_10)
FNDA:0,(anonymous_11)
FNDA:2,(anonymous_12)
DA:1,2
DA:2,2
DA:3,2
DA:4,2
DA:5,2
DA:6,2
DA:7,2
DA:8,2
DA:9,2
DA:10,2
DA:11,2
DA:13,2
DA:17,2
DA:18,2
DA:19,2
DA:21,2
DA:23,2
DA:24,2
DA:25,2
DA:26,2
DA:28,2
DA:30,2
DA:31,2
DA:34,2
DA:36,0
DA:42,2
DA:44,2
DA:45,2
DA:46,2
DA:47,2
DA:50,2
LF:31
LH:30
BRF:0
BRH:0
end_of_record
TN:
SF:src\server.ts
FN:4,(anonymous_6)
FN:5,(anonymous_7)
FNF:2
FNH:0
FNDA:0,(anonymous_6)
FNDA:0,(anonymous_7)
DA:2,0
DA:4,0
DA:5,0
DA:6,0
LF:4
LH:0
BRF:0
BRH:0
end_of_record
TN:
SF:src\adapters\logger\winston.ts
FN:7,(anonymous_1)
FN:12,(anonymous_2)
FN:37,(anonymous_3)
FN:45,(anonymous_4)
FNF:4
FNH:3
FNDA:7,(anonymous_1)
FNDA:23,(anonymous_2)
FNDA:23,(anonymous_3)
FNDA:0,(anonymous_4)
DA:1,3
DA:4,3
DA:8,7
DA:13,23
DA:38,23
DA:46,0
DA:47,0
DA:49,0
LF:8
LH:5
BRDA:13,0,0,0
BRDA:13,0,1,23
BRDA:46,1,0,0
BRDA:46,1,1,0
BRF:4
BRH:1
end_of_record
TN:
SF:src\adapters\message_queue\rabbit_mq.ts
FN:16,(anonymous_8)
FN:22,(anonymous_9)
FN:27,(anonymous_11)
FNF:3
FNH:3
FNDA:2,(anonymous_8)
FNDA:2,(anonymous_9)
FNDA:4,(anonymous_11)
DA:1,2
DA:10,2
DA:17,2
DA:18,2
DA:19,2
DA:23,2
DA:24,2
DA:28,4
DA:29,0
DA:30,0
DA:31,0
LF:11
LH:8
BRDA:28,0,0,0
BRDA:28,0,1,4
BRDA:28,1,0,4
BRDA:28,1,1,4
BRDA:30,2,0,0
BRDA:30,3,0,0
BRDA:30,3,1,0
BRDA:30,4,0,0
BRDA:30,4,1,0
BRF:9
BRH:3
end_of_record
TN:
SF:src\adapters\repository\index.ts
FN:7,(anonymous_8)
FN:11,(anonymous_9)
FN:13,(anonymous_10)
FN:20,(anonymous_11)
FN:24,(anonymous_13)
FN:24,(anonymous_14)
FN:28,(anonymous_15)
FN:28,(anonymous_16)
FN:36,(anonymous_17)
FN:36,(anonymous_18)
FN:44,(anonymous_19)
FN:44,(anonymous_20)
FNF:12
FNH:11
FNDA:4,(anonymous_8)
FNDA:36,(anonymous_9)
FNDA:0,(anonymous_10)
FNDA:22,(anonymous_11)
FNDA:4,(anonymous_13)
FNDA:4,(anonymous_14)
FNDA:31,(anonymous_15)
FNDA:31,(anonymous_16)
FNDA:2,(anonymous_17)
FNDA:2,(anonymous_18)
FNDA:1,(anonymous_19)
FNDA:1,(anonymous_20)
DA:2,2
DA:4,2
DA:8,4
DA:12,36
DA:13,0
DA:14,0
DA:17,36
DA:21,22
DA:24,4
DA:25,4
DA:28,31
DA:29,31
DA:30,31
DA:31,1
DA:33,30
DA:36,2
DA:37,2
DA:38,2
DA:39,0
DA:41,2
DA:44,1
DA:45,1
DA:46,1
DA:47,0
DA:49,1
LF:25
LH:21
BRDA:12,0,0,0
BRDA:24,1,0,4
BRDA:28,2,0,0
BRDA:28,3,0,31
BRDA:30,4,0,1
BRDA:30,5,0,31
BRDA:30,5,1,11
BRDA:36,6,0,2
BRDA:38,7,0,0
BRDA:38,8,0,2
BRDA:38,8,1,0
BRDA:44,9,0,1
BRDA:46,10,0,0
BRDA:46,11,0,1
BRDA:46,11,1,0
BRF:15
BRH:9
end_of_record
TN:
SF:src\adapters\repository\task.ts
FN:5,(anonymous_1)
FNF:1
FNH:1
FNDA:2,(anonymous_1)
DA:1,2
DA:2,2
DA:4,2
DA:6,2
LF:4
LH:4
BRF:0
BRH:0
end_of_record
TN:
SF:src\adapters\repository\user.ts
FN:5,(anonymous_8)
FN:9,(anonymous_9)
FN:13,(anonymous_11)
FN:17,(anonymous_13)
FN:17,(anonymous_14)
FNF:5
FNH:5
FNDA:2,(anonymous_8)
FNDA:23,(anonymous_9)
FNDA:5,(anonymous_11)
FNDA:1,(anonymous_13)
FNDA:1,(anonymous_14)
DA:1,2
DA:2,2
DA:4,2
DA:6,2
DA:10,23
DA:14,5
DA:17,1
DA:19,1
LF:8
LH:8
BRDA:17,0,0,1
BRF:1
BRH:1
end_of_record
TN:
SF:src\adapters\service\auth.ts
FN:14,(anonymous_8)
FN:18,(anonymous_10)
FN:22,(anonymous_12)
FN:26,(anonymous_13)
FNF:4
FNH:4
FNDA:5,(anonymous_8)
FNDA:3,(anonymous_10)
FNDA:7,(anonymous_12)
FNDA:15,(anonymous_13)
DA:1,2
DA:2,2
DA:4,2
DA:13,2
DA:15,5
DA:19,3
DA:23,7
DA:27,15
LF:8
LH:8
BRDA:23,0,0,7
BRDA:23,0,1,0
BRF:2
BRH:1
end_of_record
TN:
SF:src\config\index.ts
FN:11,(anonymous_1)
FN:17,(anonymous_2)
FN:21,(anonymous_3)
FN:25,(anonymous_4)
FN:29,(anonymous_5)
FN:33,(anonymous_6)
FN:38,(anonymous_7)
FN:42,(anonymous_8)
FNF:8
FNH:8
FNDA:2,(anonymous_1)
FNDA:2,(anonymous_2)
FNDA:22,(anonymous_3)
FNDA:2,(anonymous_4)
FNDA:6,(anonymous_5)
FNDA:2,(anonymous_6)
FNDA:2,(anonymous_7)
FNDA:7,(anonymous_8)
DA:1,4
DA:2,4
DA:7,4
DA:8,4
DA:9,4
DA:12,2
DA:18,2
DA:22,22
DA:26,2
DA:30,6
DA:34,2
DA:39,2
DA:43,7
LF:13
LH:13
BRDA:30,0,0,6
BRDA:30,0,1,0
BRDA:34,1,0,2
BRDA:34,1,1,0
BRF:4
BRH:2
end_of_record
TN:
SF:src\core\exception.ts
FN:11,(anonymous_0)
FNF:1
FNH:1
FNDA:1,(anonymous_0)
DA:6,2
DA:12,1
DA:13,1
DA:14,1
DA:15,1
LF:5
LH:5
BRF:0
BRH:0
end_of_record
TN:
SF:src\core\task\enums.ts
FN:1,(anonymous_0)
FN:8,(anonymous_1)
FNF:2
FNH:2
FNDA:6,(anonymous_0)
FNDA:6,(anonymous_1)
DA:1,6
DA:2,6
DA:3,6
DA:4,6
DA:5,6
DA:8,6
DA:9,6
DA:10,6
DA:11,6
DA:12,6
LF:10
LH:10
BRDA:1,0,0,6
BRDA:1,0,1,6
BRDA:8,1,0,6
BRDA:8,1,1,6
BRF:4
BRH:4
end_of_record
TN:
SF:src\core\task\index.ts
FN:21,(anonymous_0)
FN:25,(anonymous_1)
FN:29,(anonymous_2)
FNF:3
FNH:1
FNDA:2,(anonymous_0)
FNDA:0,(anonymous_1)
FNDA:0,(anonymous_2)
DA:2,3
DA:13,3
DA:22,2
DA:26,0
DA:30,0
LF:5
LH:3
BRF:0
BRH:0
end_of_record
TN:
SF:src\core\task\service.ts
FN:19,(anonymous_8)
FN:26,(anonymous_9)
FN:33,(anonymous_10)
FN:35,(anonymous_12)
FN:41,(anonymous_13)
FN:45,(anonymous_15)
FN:49,(anonymous_17)
FN:50,(anonymous_19)
FN:56,(anonymous_20)
FN:57,(anonymous_22)
FNF:10
FNH:10
FNDA:7,(anonymous_8)
FNDA:7,(anonymous_9)
FNDA:2,(anonymous_10)
FNDA:2,(anonymous_12)
FNDA:5,(anonymous_13)
FNDA:3,(anonymous_15)
FNDA:3,(anonymous_17)
FNDA:3,(anonymous_19)
FNDA:2,(anonymous_20)
FNDA:2,(anonymous_22)
DA:1,3
DA:2,3
DA:12,3
DA:20,7
DA:21,7
DA:22,7
DA:23,7
DA:27,7
DA:34,2
DA:35,2
DA:36,2
DA:37,2
DA:42,5
DA:46,3
DA:50,3
DA:51,3
DA:52,3
DA:57,2
DA:58,2
DA:59,2
LF:20
LH:20
BRF:0
BRH:0
end_of_record
TN:
SF:src\core\task\model\Task.ts
FNF:0
FNH:0
DA:1,2
DA:2,2
DA:15,2
DA:28,2
LF:4
LH:4
BRF:0
BRH:0
end_of_record
TN:
SF:src\core\user\index.ts
FN:16,(anonymous_0)
FN:20,(anonymous_1)
FN:24,(anonymous_2)
FN:29,(anonymous_3)
FNF:4
FNH:4
FNDA:20,(anonymous_0)
FNDA:2,(anonymous_1)
FNDA:9,(anonymous_2)
FNDA:2,(anonymous_3)
DA:1,3
DA:10,3
DA:17,20
DA:21,2
DA:25,9
DA:30,2
DA:31,2
DA:32,2
DA:33,2
DA:35,2
LF:10
LH:10
BRF:0
BRH:0
end_of_record
TN:
SF:src\core\user\service.ts
FN:39,(anonymous_8)
FN:44,(anonymous_9)
FN:68,(anonymous_11)
FN:84,(anonymous_13)
FN:87,(anonymous_15)
FN:107,(anonymous_16)
FN:110,(anonymous_18)
FN:128,(anonymous_19)
FN:132,(anonymous_21)
FNF:9
FNH:9
FNDA:6,(anonymous_8)
FNDA:6,(anonymous_9)
FNDA:4,(anonymous_11)
FNDA:1,(anonymous_13)
FNDA:1,(anonymous_15)
FNDA:1,(anonymous_16)
FNDA:1,(anonymous_18)
FNDA:2,(anonymous_19)
FNDA:2,(anonymous_21)
DA:1,3
DA:2,3
DA:3,3
DA:4,3
DA:5,3
DA:6,3
DA:34,3
DA:40,6
DA:41,6
DA:45,6
DA:46,6
DA:54,6
DA:62,6
DA:63,6
DA:64,6
DA:69,4
DA:70,4
DA:71,4
DA:72,0
DA:78,4
DA:85,1
DA:86,1
DA:87,1
DA:89,1
DA:90,1
DA:91,1
DA:92,1
DA:93,1
DA:94,1
DA:100,0
DA:108,1
DA:109,1
DA:110,1
DA:112,1
DA:113,1
DA:114,1
DA:115,1
DA:116,1
DA:117,1
DA:121,0
DA:129,2
DA:133,2
LF:42
LH:39
BRDA:71,0,0,0
BRDA:71,1,0,4
BRDA:71,1,1,4
BRDA:89,2,0,1
BRDA:91,3,0,1
BRDA:91,4,0,1
BRDA:91,4,1,1
BRDA:91,5,0,0
BRDA:91,5,1,1
BRDA:91,6,0,1
BRDA:91,6,1,1
BRDA:91,7,0,0
BRDA:91,7,1,1
BRDA:91,8,0,1
BRDA:91,8,1,1
BRDA:93,9,0,1
BRDA:112,10,0,1
BRDA:114,11,0,1
BRDA:114,12,0,1
BRDA:114,12,1,1
BRDA:114,13,0,0
BRDA:114,13,1,1
BRDA:114,14,0,1
BRDA:114,14,1,1
BRDA:114,15,0,0
BRDA:114,15,1,1
BRDA:114,16,0,1
BRDA:114,16,1,1
BRDA:116,17,0,1
BRF:29
BRH:24
end_of_record
TN:
SF:src\core\user\model\User.ts
FNF:0
FNH:0
DA:1,2
DA:13,2
DA:21,2
LF:3
LH:3
BRF:0
BRH:0
end_of_record
TN:
SF:src\helpers\commons\date_time.ts
FN:4,(anonymous_0)
FNF:1
FNH:1
FNDA:15,(anonymous_0)
DA:1,3
DA:3,3
DA:5,15
LF:3
LH:3
BRF:0
BRH:0
end_of_record
TN:
SF:src\helpers\commons\objects.ts
FN:2,(anonymous_0)
FNF:1
FNH:1
FNDA:2,(anonymous_0)
DA:1,4
DA:3,2
DA:4,2
DA:5,14
DA:6,14
DA:9,2
LF:6
LH:6
BRDA:5,0,0,14
BRDA:5,1,0,14
BRDA:5,1,1,14
BRF:3
BRH:3
end_of_record
TN:
SF:src\helpers\definitions\response.ts
FN:1,(anonymous_0)
FNF:1
FNH:1
FNDA:5,(anonymous_0)
DA:1,5
DA:2,5
DA:3,5
DA:4,5
DA:5,5
DA:6,5
DA:7,5
DA:8,5
LF:8
LH:8
BRDA:1,0,0,5
BRDA:1,0,1,5
BRF:2
BRH:2
end_of_record
TN:
SF:src\helpers\exceptions\custom_exception.ts
FN:14,(anonymous_0)
FN:21,(anonymous_1)
FNF:2
FNH:1
FNDA:0,(anonymous_0)
FNDA:26,(anonymous_1)
DA:9,3
DA:15,0
DA:16,0
DA:17,0
DA:18,0
DA:22,26
DA:23,0
LF:7
LH:2
BRDA:22,0,0,0
BRF:1
BRH:0
end_of_record
TN:
SF:src\helpers\exceptions\index.ts
FN:12,(anonymous_7)
FN:22,(anonymous_9)
FNF:2
FNH:2
FNDA:28,(anonymous_7)
FNDA:29,(anonymous_9)
DA:11,5
DA:15,28
DA:16,28
DA:18,1
DA:25,29
DA:26,29
DA:28,0
LF:7
LH:6
BRDA:18,0,0,1
BRDA:18,0,1,1
BRDA:18,1,0,0
BRDA:18,1,1,1
BRDA:18,2,0,1
BRDA:18,2,1,1
BRDA:28,3,0,0
BRDA:28,3,1,0
BRDA:28,4,0,0
BRDA:28,4,1,0
BRDA:28,5,0,0
BRDA:28,5,1,0
BRF:12
BRH:5
end_of_record
TN:
SF:src\infrastructure\container.ts
FNF:0
FNH:0
DA:1,2
DA:2,2
DA:3,2
DA:4,2
DA:5,2
DA:6,2
DA:7,2
DA:8,2
DA:9,2
DA:11,2
DA:13,2
DA:27,2
DA:28,2
DA:31,2
DA:45,2
LF:15
LH:15
BRF:0
BRH:0
end_of_record
TN:
SF:src\infrastructure\db\mongoose.ts
FN:5,(anonymous_8)
FN:5,(anonymous_9)
FN:18,(anonymous_10)
FN:18,(anonymous_11)
FNF:4
FNH:4
FNDA:2,(anonymous_8)
FNDA:2,(anonymous_9)
FNDA:2,(anonymous_10)
FNDA:2,(anonymous_11)
DA:1,2
DA:2,2
DA:5,2
DA:6,2
DA:7,2
DA:11,2
DA:13,0
DA:14,0
DA:18,2
DA:19,2
DA:20,2
LF:11
LH:9
BRF:0
BRH:0
end_of_record
TN:
SF:src\ports\controllers\task.ts
FN:13,(anonymous_8)
FN:17,(anonymous_9)
FN:30,(anonymous_10)
FN:46,(anonymous_11)
FN:51,(anonymous_12)
FN:56,(anonymous_13)
FN:58,(anonymous_15)
FN:58,(anonymous_16)
FN:67,(anonymous_17)
FN:70,(anonymous_19)
FN:70,(anonymous_20)
FN:77,(anonymous_21)
FN:80,(anonymous_23)
FN:80,(anonymous_24)
FN:87,(anonymous_25)
FN:90,(anonymous_27)
FN:90,(anonymous_28)
FN:98,(anonymous_29)
FN:103,(anonymous_31)
FN:103,(anonymous_32)
FN:109,(anonymous_33)
FN:112,(anonymous_35)
FN:112,(anonymous_36)
FNF:23
FNH:23
FNDA:8,(anonymous_8)
FNDA:4,(anonymous_9)
FNDA:8,(anonymous_10)
FNDA:5,(anonymous_11)
FNDA:8,(anonymous_12)
FNDA:2,(anonymous_13)
FNDA:2,(anonymous_15)
FNDA:2,(anonymous_16)
FNDA:3,(anonymous_17)
FNDA:3,(anonymous_19)
FNDA:3,(anonymous_20)
FNDA:5,(anonymous_21)
FNDA:5,(anonymous_23)
FNDA:5,(anonymous_24)
FNDA:2,(anonymous_25)
FNDA:2,(anonymous_27)
FNDA:2,(anonymous_28)
FNDA:2,(anonymous_29)
FNDA:2,(anonymous_31)
FNDA:2,(anonymous_32)
FNDA:2,(anonymous_33)
FNDA:2,(anonymous_35)
FNDA:2,(anonymous_36)
DA:2,3
DA:4,3
DA:10,3
DA:14,8
DA:19,4
DA:20,4
DA:24,4
DA:26,4
DA:27,4
DA:32,8
DA:33,8
DA:40,8
DA:42,8
DA:43,8
DA:48,5
DA:53,8
DA:57,2
DA:58,2
DA:64,2
DA:68,3
DA:70,3
DA:74,3
DA:78,5
DA:80,5
DA:84,5
DA:88,2
DA:90,2
DA:94,2
DA:100,2
DA:101,2
DA:103,2
DA:106,2
DA:110,2
DA:112,2
DA:116,2
LF:35
LH:35
BRDA:24,0,0,4
BRDA:24,0,1,2
BRDA:26,1,0,4
BRDA:26,1,1,4
BRDA:40,2,0,8
BRDA:40,2,1,2
BRDA:42,3,0,8
BRDA:42,3,1,7
BRDA:64,4,0,2
BRDA:64,4,1,2
BRDA:74,5,0,3
BRDA:74,5,1,2
BRDA:84,6,0,5
BRDA:84,6,1,5
BRDA:94,7,0,2
BRDA:94,7,1,2
BRDA:106,8,0,2
BRDA:106,8,1,2
BRDA:116,9,0,2
BRDA:116,9,1,2
BRF:20
BRH:20
end_of_record
TN:
SF:src\ports\controllers\user.ts
FN:13,(anonymous_8)
FN:17,(anonymous_9)
FN:21,(anonymous_11)
FN:21,(anonymous_12)
FN:32,(anonymous_13)
FN:36,(anonymous_15)
FN:36,(anonymous_16)
FN:47,(anonymous_17)
FN:51,(anonymous_19)
FN:51,(anonymous_20)
FN:62,(anonymous_21)
FN:70,(anonymous_23)
FN:74,(anonymous_25)
FN:74,(anonymous_26)
FN:85,(anonymous_27)
FN:88,(anonymous_29)
FN:88,(anonymous_30)
FN:95,(anonymous_31)
FN:98,(anonymous_33)
FN:98,(anonymous_34)
FNF:20
FNH:20
FNDA:9,(anonymous_8)
FNDA:2,(anonymous_9)
FNDA:2,(anonymous_11)
FNDA:2,(anonymous_12)
FNDA:2,(anonymous_13)
FNDA:2,(anonymous_15)
FNDA:2,(anonymous_16)
FNDA:2,(anonymous_17)
FNDA:2,(anonymous_19)
FNDA:2,(anonymous_20)
FNDA:2,(anonymous_21)
FNDA:2,(anonymous_23)
FNDA:2,(anonymous_25)
FNDA:2,(anonymous_26)
FNDA:2,(anonymous_27)
FNDA:2,(anonymous_29)
FNDA:2,(anonymous_30)
FNDA:2,(anonymous_31)
FNDA:2,(anonymous_33)
FNDA:2,(anonymous_34)
DA:2,3
DA:4,3
DA:10,3
DA:14,9
DA:19,2
DA:20,2
DA:21,2
DA:27,2
DA:34,2
DA:35,2
DA:36,2
DA:42,2
DA:49,2
DA:50,2
DA:51,2
DA:57,2
DA:64,2
DA:72,2
DA:73,2
DA:74,2
DA:80,2
DA:86,2
DA:88,2
DA:92,2
DA:96,2
DA:98,2
DA:102,2
LF:27
LH:27
BRDA:27,0,0,2
BRDA:27,0,1,2
BRDA:28,1,0,0
BRDA:28,1,1,2
BRDA:28,2,0,2
BRDA:28,2,1,2
BRDA:42,3,0,2
BRDA:42,3,1,2
BRDA:43,4,0,0
BRDA:43,4,1,2
BRDA:43,5,0,2
BRDA:43,5,1,2
BRDA:57,6,0,2
BRDA:57,6,1,2
BRDA:58,7,0,0
BRDA:58,7,1,2
BRDA:58,8,0,2
BRDA:58,8,1,2
BRDA:66,9,0,1
BRDA:66,9,1,1
BRDA:66,10,0,2
BRDA:66,10,1,2
BRDA:66,11,0,0
BRDA:66,11,1,2
BRDA:66,12,0,2
BRDA:66,12,1,2
BRDA:80,13,0,2
BRDA:80,13,1,2
BRDA:81,14,0,0
BRDA:81,14,1,2
BRDA:81,15,0,2
BRDA:81,15,1,2
BRDA:92,16,0,2
BRDA:92,16,1,2
BRDA:102,17,0,2
BRDA:102,17,1,2
BRF:36
BRH:31
end_of_record
TN:
SF:src\ports\controllers\filters\fields.ts
FN:1,(anonymous_0)
FN:12,(anonymous_1)
FN:41,(anonymous_2)
FN:45,(anonymous_3)
FN:52,(anonymous_4)
FN:67,(anonymous_5)
FN:75,(anonymous_6)
FN:87,(anonymous_7)
FN:91,(anonymous_8)
FN:98,(anonymous_9)
FN:108,(anonymous_10)
FN:112,(anonymous_11)
FNF:12
FNH:7
FNDA:2,(anonymous_0)
FNDA:2,(anonymous_1)
FNDA:1,(anonymous_2)
FNDA:1,(anonymous_3)
FNDA:1,(anonymous_4)
FNDA:1,(anonymous_5)
FNDA:1,(anonymous_6)
FNDA:0,(anonymous_7)
FNDA:0,(anonymous_8)
FNDA:0,(anonymous_9)
FNDA:0,(anonymous_10)
FNDA:0,(anonymous_11)
DA:1,2
DA:2,2
DA:3,2
DA:4,2
DA:5,2
DA:6,2
DA:7,2
DA:8,2
DA:9,2
DA:12,2
DA:13,2
DA:14,2
DA:25,2
DA:28,1
DA:42,1
DA:47,1
DA:48,1
DA:53,1
DA:54,1
DA:55,1
DA:57,1
DA:58,1
DA:59,1
DA:60,1
DA:67,2
DA:68,1
DA:77,1
DA:79,0
DA:81,1
DA:85,2
DA:89,0
DA:91,0
DA:93,0
DA:98,2
DA:99,0
DA:110,0
DA:112,0
DA:114,0
LF:38
LH:30
BRDA:1,0,0,2
BRDA:1,0,1,2
BRDA:12,1,0,2
BRDA:12,1,1,2
BRDA:47,2,0,1
BRDA:54,3,0,1
BRDA:77,4,0,0
BRDA:77,5,0,1
BRDA:77,5,1,1
BRDA:89,6,0,0
BRDA:89,7,0,0
BRDA:89,7,1,0
BRDA:110,8,0,0
BRDA:110,9,0,0
BRDA:110,9,1,0
BRF:15
BRH:8
end_of_record
TN:
SF:src\ports\controllers\filters\index.ts
FN:4,(anonymous_0)
FN:14,(anonymous_1)
FNF:2
FNH:2
FNDA:1,(anonymous_0)
FNDA:11,(anonymous_1)
DA:1,2
DA:3,2
DA:5,1
DA:6,0
DA:7,0
DA:8,0
DA:11,1
DA:15,11
DA:16,11
DA:17,1
DA:18,1
DA:19,1
DA:20,1
DA:21,1
DA:23,1
DA:28,1
DA:29,1
DA:30,1
DA:32,1
DA:37,11
LF:20
LH:17
BRDA:5,0,0,0
BRDA:5,1,0,0
BRDA:5,1,1,1
BRDA:5,2,0,1
BRDA:5,2,1,1
BRDA:7,3,0,0
BRDA:18,4,0,1
BRDA:21,5,0,1
BRDA:28,6,0,1
BRDA:29,7,0,1
BRF:10
BRH:7
end_of_record
TN:
SF:src\ports\controllers\filters\task\index.ts
FN:4,(anonymous_0)
FN:14,(anonymous_1)
FN:18,(anonymous_2)
FN:22,(anonymous_3)
FNF:4
FNH:4
FNDA:2,(anonymous_0)
FNDA:2,(anonymous_1)
FNDA:2,(anonymous_2)
FNDA:2,(anonymous_3)
DA:1,2
DA:3,2
DA:5,2
DA:15,2
DA:19,2
DA:23,2
LF:6
LH:6
BRF:0
BRH:0
end_of_record
TN:
SF:src\ports\controllers\filters\user\index.ts
FN:4,(anonymous_0)
FN:12,(anonymous_1)
FN:16,(anonymous_2)
FNF:3
FNH:3
FNDA:2,(anonymous_0)
FNDA:2,(anonymous_1)
FNDA:2,(anonymous_2)
DA:1,2
DA:3,2
DA:5,2
DA:13,2
DA:17,2
LF:5
LH:5
BRF:0
BRH:0
end_of_record
TN:
SF:src\ports\middlewares\authentication.ts
FN:11,(anonymous_8)
FN:11,(anonymous_9)
FN:19,(anonymous_10)
FNF:3
FNH:3
FNDA:17,(anonymous_8)
FNDA:17,(anonymous_9)
FNDA:13,(anonymous_10)
DA:4,2
DA:5,2
DA:6,2
DA:7,2
DA:8,2
DA:11,17
DA:12,17
DA:14,17
DA:15,17
DA:16,13
DA:17,13
DA:18,13
DA:19,13
DA:21,13
DA:22,13
DA:23,13
DA:24,13
DA:25,13
DA:27,0
DA:33,13
DA:37,17
DA:39,0
LF:22
LH:20
BRDA:14,0,0,4
BRDA:14,0,1,13
BRDA:14,1,0,17
BRDA:14,1,1,17
BRDA:15,2,0,13
BRDA:21,3,0,13
BRDA:23,4,0,13
BRDA:23,5,0,13
BRDA:23,5,1,13
BRDA:23,6,0,0
BRDA:23,6,1,13
BRDA:23,7,0,13
BRDA:23,7,1,13
BRDA:23,8,0,0
BRDA:23,8,1,13
BRDA:23,9,0,13
BRDA:23,9,1,13
BRDA:25,10,0,0
BRF:18
BRH:15
end_of_record
TN:
SF:src\ports\middlewares\exception.ts
FN:7,(anonymous_8)
FN:7,(anonymous_9)
FNF:2
FNH:2
FNDA:1,(anonymous_8)
FNDA:1,(anonymous_9)
DA:2,2
DA:3,2
DA:4,2
DA:7,2
DA:9,1
DA:10,1
DA:12,0
DA:16,1
DA:18,1
DA:24,0
DA:26,0
LF:11
LH:8
BRDA:10,0,0,0
BRDA:10,0,1,1
BRDA:16,1,0,1
BRDA:16,1,1,0
BRF:4
BRH:2
end_of_record
TN:
SF:src\ports\middlewares\filters.ts
FN:5,(anonymous_0)
FN:24,(anonymous_1)
FN:26,(anonymous_2)
FN:34,(anonymous_3)
FN:51,(anonymous_4)
FN:63,(anonymous_5)
FN:78,(anonymous_6)
FN:78,(anonymous_7)
FNF:8
FNH:6
FNDA:0,(anonymous_0)
FNDA:1,(anonymous_1)
FNDA:2,(anonymous_2)
FNDA:1,(anonymous_3)
FNDA:0,(anonymous_4)
FNDA:11,(anonymous_5)
FNDA:4,(anonymous_6)
FNDA:11,(anonymous_7)
DA:2,2
DA:5,2
DA:6,0
DA:9,0
DA:10,0
DA:11,0
DA:12,0
DA:13,0
DA:14,0
DA:15,0
DA:17,0
DA:20,0
DA:25,1
DA:27,2
DA:28,2
DA:29,2
DA:35,1
DA:36,1
DA:37,1
DA:38,1
DA:39,0
DA:40,0
DA:43,1
DA:44,1
DA:48,1
DA:52,0
DA:53,0
DA:54,0
DA:55,0
DA:56,0
DA:60,0
DA:64,11
DA:78,4
DA:80,11
DA:82,1
DA:84,1
DA:87,11
DA:89,0
DA:91,0
DA:94,11
DA:96,1
DA:98,1
DA:101,11
DA:103,11
DA:105,11
LF:45
LH:25
BRDA:12,0,0,0
BRDA:12,0,1,0
BRDA:12,1,0,0
BRDA:12,1,1,0
BRDA:38,2,0,0
BRDA:38,2,1,1
BRDA:39,3,0,0
BRDA:43,4,0,1
BRDA:55,5,0,0
BRDA:80,6,0,1
BRDA:87,7,0,0
BRDA:94,8,0,1
BRDA:101,9,0,11
BRF:13
BRH:5
end_of_record
TN:
SF:src\ports\middlewares\logger.ts
FN:4,(anonymous_1)
FN:6,(anonymous_2)
FNF:2
FNH:2
FNDA:2,(anonymous_1)
FNDA:17,(anonymous_2)
DA:2,2
DA:4,2
DA:5,2
DA:7,17
DA:11,2
LF:5
LH:5
BRF:0
BRH:0
end_of_record
TN:
SF:src\ports\middlewares\permission.ts
FN:8,(anonymous_8)
FN:8,(anonymous_9)
FN:10,(anonymous_10)
FN:28,(anonymous_11)
FN:28,(anonymous_12)
FN:31,(anonymous_13)
FNF:6
FNH:6
FNDA:13,(anonymous_8)
FNDA:13,(anonymous_9)
FNDA:13,(anonymous_10)
FNDA:1,(anonymous_11)
FNDA:1,(anonymous_12)
FNDA:1,(anonymous_13)
DA:2,2
DA:3,2
DA:4,2
DA:5,2
DA:8,13
DA:9,13
DA:10,13
DA:20,13
DA:21,13
DA:23,0
DA:28,2
DA:29,1
DA:30,1
DA:31,1
DA:41,1
DA:42,1
DA:44,0
LF:17
LH:15
BRDA:20,0,0,13
BRDA:20,0,1,0
BRDA:29,1,0,0
BRDA:29,1,1,1
BRDA:29,2,0,1
BRDA:29,2,1,1
BRDA:33,3,0,1
BRDA:33,3,1,1
BRDA:41,4,0,1
BRDA:41,4,1,0
BRF:10
BRH:7
end_of_record
TN:
SF:src\ports\middlewares\validation.ts
FN:10,(anonymous_0)
FN:15,(anonymous_1)
FN:29,(anonymous_2)
FN:29,(anonymous_3)
FNF:4
FNH:3
FNDA:7,(anonymous_0)
FNDA:0,(anonymous_1)
FNDA:14,(anonymous_2)
FNDA:7,(anonymous_3)
DA:3,2
DA:10,2
DA:11,7
DA:12,7
DA:13,0
DA:15,0
DA:21,7
DA:29,14
DA:31,7
DA:32,7
DA:34,7
DA:35,7
DA:38,0
LF:13
LH:10
BRDA:12,0,0,0
BRDA:12,0,1,7
BRDA:17,1,0,0
BRDA:17,1,1,0
BRDA:17,2,0,0
BRDA:17,2,1,0
BRDA:32,3,0,7
BRDA:32,3,1,0
BRDA:34,4,0,7
BRDA:34,4,1,0
BRF:10
BRH:3
end_of_record
TN:
SF:src\ports\routers\task.ts
FN:21,(anonymous_1)
FN:23,(anonymous_2)
FN:25,(anonymous_3)
FN:27,(anonymous_4)
FN:29,(anonymous_5)
FN:31,(anonymous_6)
FNF:6
FNH:6
FNDA:1,(anonymous_1)
FNDA:2,(anonymous_2)
FNDA:4,(anonymous_3)
FNDA:1,(anonymous_4)
FNDA:1,(anonymous_5)
FNDA:1,(anonymous_6)
DA:1,2
DA:3,2
DA:4,2
DA:5,2
DA:6,2
DA:7,2
DA:8,2
DA:11,2
DA:12,2
DA:13,2
DA:21,2
DA:23,2
DA:25,4
DA:27,2
DA:29,2
DA:31,2
DA:34,2
LF:17
LH:17
BRF:0
BRH:0
end_of_record
TN:
SF:src\ports\routers\user.ts
FN:17,(anonymous_1)
FN:25,(anonymous_2)
FN:27,(anonymous_3)
FN:29,(anonymous_4)
FN:31,(anonymous_5)
FN:33,(anonymous_6)
FN:36,(anonymous_7)
FNF:7
FNH:7
FNDA:1,(anonymous_1)
FNDA:1,(anonymous_2)
FNDA:1,(anonymous_3)
FNDA:1,(anonymous_4)
FNDA:1,(anonymous_5)
FNDA:1,(anonymous_6)
FNDA:1,(anonymous_7)
DA:1,2
DA:3,2
DA:4,2
DA:5,2
DA:9,2
DA:10,2
DA:11,2
DA:14,2
DA:15,2
DA:17,2
DA:18,2
DA:25,1
DA:27,2
DA:29,2
DA:31,2
DA:33,2
DA:36,2
DA:39,2
LF:18
LH:18
BRF:0
BRH:0
end_of_record
TN:
SF:src\ports\validators\schema\task.ts
FNF:0
FNH:0
DA:1,2
DA:2,2
DA:4,2
DA:21,2
DA:37,2
LF:5
LH:5
BRF:0
BRH:0
end_of_record
TN:
SF:src\ports\validators\schema\user.ts
FNF:0
FNH:0
DA:1,2
DA:3,2
DA:25,2
DA:35,2
DA:39,2
LF:5
LH:5
BRF:0
BRH:0
end_of_record
TN:
SF:src\tests\integration\mocks\index.ts
FN:7,(anonymous_0)
FN:18,(anonymous_1)
FNF:2
FNH:2
FNDA:14,(anonymous_0)
FNDA:8,(anonymous_1)
DA:1,2
DA:2,2
DA:6,2
DA:8,14
DA:19,8
LF:5
LH:5
BRDA:13,0,0,14
BRDA:13,0,1,14
BRDA:22,1,0,8
BRDA:22,1,1,7
BRF:4
BRH:4
end_of_record
TN:
SF:src\tests\unit\mocks\AuthService.ts
FNF:0
FNH:0
DA:3,1
LF:1
LH:1
BRF:0
BRH:0
end_of_record
TN:
SF:src\tests\unit\mocks\BaseRepository.ts
FNF:0
FNH:0
DA:3,2
LF:1
LH:1
BRF:0
BRH:0
end_of_record
TN:
SF:src\tests\unit\mocks\MessageQueue.ts
FN:4,(anonymous_7)
FN:4,(anonymous_8)
FN:5,(anonymous_9)
FN:5,(anonymous_10)
FNF:4
FNH:2
FNDA:3,(anonymous_7)
FNDA:3,(anonymous_8)
FNDA:0,(anonymous_9)
FNDA:0,(anonymous_10)
DA:3,1
DA:4,3
DA:5,0
LF:3
LH:2
BRF:0
BRH:0
end_of_record
TN:
SF:src\tests\unit\mocks\TaskController.ts
FNF:0
FNH:0
DA:3,0
LF:1
LH:0
BRF:0
BRH:0
end_of_record
TN:
SF:src\tests\unit\mocks\TaskRepository.ts
FNF:0
FNH:0
DA:1,1
DA:4,1
LF:2
LH:2
BRF:0
BRH:0
end_of_record
TN:
SF:src\tests\unit\mocks\TaskService.ts
FNF:0
FNH:0
DA:3,1
LF:1
LH:1
BRF:0
BRH:0
end_of_record
TN:
SF:src\tests\unit\mocks\UserController.ts
FNF:0
FNH:0
DA:3,0
LF:1
LH:0
BRF:0
BRH:0
end_of_record
TN:
SF:src\tests\unit\mocks\UserRepository.ts
FNF:0
FNH:0
DA:1,1
DA:4,1
LF:2
LH:2
BRF:0
BRH:0
end_of_record
TN:
SF:src\tests\unit\mocks\UserService.ts
FNF:0
FNH:0
DA:3,1
LF:1
LH:1
BRF:0
BRH:0
end_of_record
TN:
SF:src\tests\unit\mocks\index.ts
FN:7,(anonymous_0)
FN:16,(anonymous_1)
FN:27,(anonymous_2)
FN:28,(anonymous_3)
FNF:4
FNH:4
FNDA:18,(anonymous_0)
FNDA:13,(anonymous_1)
FNDA:7,(anonymous_2)
FNDA:6,(anonymous_3)
DA:1,4
DA:4,4
DA:6,4
DA:8,18
DA:17,13
DA:28,7
DA:29,6
DA:30,6
LF:8
LH:8
BRDA:29,0,0,6
BRDA:29,0,1,6
BRF:2
BRH:2
end_of_record
